20230512 com.sparta.mc.App INFO Employee Records Retrieved: 20
20230512 com.sparta.mc.App WARNING Employee Records Contain Bad Record: Emp ID
20230512 com.sparta.mc.App INFO Added Employee Record in Binary Tree for: Bumgarner
20230512 com.sparta.mc.App INFO Added Employee Record in Binary Tree for: Rojo
20230512 com.sparta.mc.App INFO Added Employee Record in Binary Tree for: Krawczyk
20230512 com.sparta.mc.App INFO Added Employee Record in Binary Tree for: Jason
20230512 com.sparta.mc.App INFO Added Employee Record in Binary Tree for: Forest
20230512 com.sparta.mc.App INFO Added Employee Record in Binary Tree for: Wan
20230512 com.sparta.mc.App INFO Added Employee Record in Binary Tree for: Farrow
20230512 com.sparta.mc.App INFO Added Employee Record in Binary Tree for: Fernandez
20230512 com.sparta.mc.App INFO Added Employee Record in Binary Tree for: Jackman
20230512 com.sparta.mc.App INFO Added Employee Record in Binary Tree for: Paddock
20230512 com.sparta.mc.App INFO Added Employee Record in Binary Tree for: Manning
20230512 com.sparta.mc.App INFO Added Employee Record in Binary Tree for: Hafner
20230512 com.sparta.mc.App INFO Added Employee Record in Binary Tree for: Pearman
20230512 com.sparta.mc.App INFO Added Employee Record in Binary Tree for: Forman
20230512 com.sparta.mc.App INFO Added Employee Record in Binary Tree for: Osorio
20230512 com.sparta.mc.App INFO Added Employee Record in Binary Tree for: Simard
20230512 com.sparta.mc.App INFO Added Employee Record in Binary Tree for: Stoner
20230512 com.sparta.mc.App INFO Added Employee Record in Binary Tree for: Mattison
20230512 com.sparta.mc.App INFO Added Employee Record in Binary Tree for: Maeda
20230512 com.sparta.mc.App WARNING Not Found in Binary Tree,  Employee: Bumgarner1
20230512 com.sparta.mc.App WARNING Not Found in Binary Tree,  Employee: Rojo1
20230512 com.sparta.mc.App WARNING Not Found in Binary Tree,  Employee: Jason1
20230512 com.sparta.mc.App INFO Employee Records Retrieved: 20
20230512 com.sparta.mc.App WARNING Employee Records Contain Bad Record: Emp ID
20230512 com.sparta.mc.App INFO Added Employee Record in Binary Tree for: Bumgarner
20230512 com.sparta.mc.App INFO Added Employee Record in Binary Tree for: Rojo
20230512 com.sparta.mc.App INFO Added Employee Record in Binary Tree for: Krawczyk
20230512 com.sparta.mc.App INFO Added Employee Record in Binary Tree for: Jason
20230512 com.sparta.mc.App INFO Added Employee Record in Binary Tree for: Forest
20230512 com.sparta.mc.App INFO Added Employee Record in Binary Tree for: Wan
20230512 com.sparta.mc.App INFO Added Employee Record in Binary Tree for: Farrow
20230512 com.sparta.mc.App INFO Added Employee Record in Binary Tree for: Fernandez
20230512 com.sparta.mc.App INFO Added Employee Record in Binary Tree for: Jackman
20230512 com.sparta.mc.App INFO Added Employee Record in Binary Tree for: Paddock
20230512 com.sparta.mc.App INFO Added Employee Record in Binary Tree for: Manning
20230512 com.sparta.mc.App INFO Added Employee Record in Binary Tree for: Hafner
20230512 com.sparta.mc.App INFO Added Employee Record in Binary Tree for: Pearman
20230512 com.sparta.mc.App INFO Added Employee Record in Binary Tree for: Forman
20230512 com.sparta.mc.App INFO Added Employee Record in Binary Tree for: Osorio
20230512 com.sparta.mc.App INFO Added Employee Record in Binary Tree for: Simard
20230512 com.sparta.mc.App INFO Added Employee Record in Binary Tree for: Stoner
20230512 com.sparta.mc.App INFO Added Employee Record in Binary Tree for: Mattison
20230512 com.sparta.mc.App INFO Added Employee Record in Binary Tree for: Maeda
20230512 com.sparta.mc.App INFO Employee Records Retrieved: 20
20230512 com.sparta.mc.App WARNING Employee Records Contain Bad Record: Emp ID
20230512 com.sparta.mc.App INFO Added Employee Record in Binary Tree for: Bumgarner
20230512 com.sparta.mc.App INFO Added Employee Record in Binary Tree for: Rojo
20230512 com.sparta.mc.App INFO Added Employee Record in Binary Tree for: Krawczyk
20230512 com.sparta.mc.App INFO Added Employee Record in Binary Tree for: Jason
20230512 com.sparta.mc.App INFO Added Employee Record in Binary Tree for: Forest
20230512 com.sparta.mc.App INFO Added Employee Record in Binary Tree for: Wan
20230512 com.sparta.mc.App INFO Added Employee Record in Binary Tree for: Farrow
20230512 com.sparta.mc.App INFO Added Employee Record in Binary Tree for: Fernandez
20230512 com.sparta.mc.App INFO Added Employee Record in Binary Tree for: Jackman
20230512 com.sparta.mc.App INFO Added Employee Record in Binary Tree for: Paddock
20230512 com.sparta.mc.App INFO Added Employee Record in Binary Tree for: Manning
20230512 com.sparta.mc.App INFO Added Employee Record in Binary Tree for: Hafner
20230512 com.sparta.mc.App INFO Added Employee Record in Binary Tree for: Pearman
20230512 com.sparta.mc.App INFO Added Employee Record in Binary Tree for: Forman
20230512 com.sparta.mc.App INFO Added Employee Record in Binary Tree for: Osorio
20230512 com.sparta.mc.App INFO Added Employee Record in Binary Tree for: Simard
20230512 com.sparta.mc.App INFO Added Employee Record in Binary Tree for: Stoner
20230512 com.sparta.mc.App INFO Added Employee Record in Binary Tree for: Mattison
20230512 com.sparta.mc.App INFO Added Employee Record in Binary Tree for: Maeda
20230512 com.sparta.mc.App INFO Employee Records Retrieved: 20
20230512 com.sparta.mc.App WARNING Employee Records Contain Bad Record: Emp ID
20230512 com.sparta.mc.App INFO Added Employee Record in Binary Tree for: Bumgarner
20230512 com.sparta.mc.App INFO Added Employee Record in Binary Tree for: Rojo
20230512 com.sparta.mc.App INFO Added Employee Record in Binary Tree for: Krawczyk
20230512 com.sparta.mc.App INFO Added Employee Record in Binary Tree for: Jason
20230512 com.sparta.mc.App INFO Added Employee Record in Binary Tree for: Forest
20230512 com.sparta.mc.App INFO Added Employee Record in Binary Tree for: Wan
20230512 com.sparta.mc.App INFO Added Employee Record in Binary Tree for: Farrow
20230512 com.sparta.mc.App INFO Added Employee Record in Binary Tree for: Fernandez
20230512 com.sparta.mc.App INFO Added Employee Record in Binary Tree for: Jackman
20230512 com.sparta.mc.App INFO Added Employee Record in Binary Tree for: Paddock
20230512 com.sparta.mc.App INFO Added Employee Record in Binary Tree for: Manning
20230512 com.sparta.mc.App INFO Added Employee Record in Binary Tree for: Hafner
20230512 com.sparta.mc.App INFO Added Employee Record in Binary Tree for: Pearman
20230512 com.sparta.mc.App INFO Added Employee Record in Binary Tree for: Forman
20230512 com.sparta.mc.App INFO Added Employee Record in Binary Tree for: Osorio
20230512 com.sparta.mc.App INFO Added Employee Record in Binary Tree for: Simard
20230512 com.sparta.mc.App INFO Added Employee Record in Binary Tree for: Stoner
20230512 com.sparta.mc.App INFO Added Employee Record in Binary Tree for: Mattison
20230512 com.sparta.mc.App INFO Added Employee Record in Binary Tree for: Maeda
20230512 com.sparta.mc.App INFO Employee Records Retrieved: 20
20230512 com.sparta.mc.App WARNING Employee Records Contain Bad Record: Emp ID
20230512 com.sparta.mc.App INFO Added Employee Record in Binary Tree for: Bumgarner
20230512 com.sparta.mc.App INFO Added Employee Record in Binary Tree for: Rojo
20230512 com.sparta.mc.App INFO Added Employee Record in Binary Tree for: Krawczyk
20230512 com.sparta.mc.App INFO Added Employee Record in Binary Tree for: Jason
20230512 com.sparta.mc.App INFO Added Employee Record in Binary Tree for: Forest
20230512 com.sparta.mc.App INFO Added Employee Record in Binary Tree for: Wan
20230512 com.sparta.mc.App INFO Added Employee Record in Binary Tree for: Farrow
20230512 com.sparta.mc.App INFO Added Employee Record in Binary Tree for: Fernandez
20230512 com.sparta.mc.App INFO Added Employee Record in Binary Tree for: Jackman
20230512 com.sparta.mc.App INFO Added Employee Record in Binary Tree for: Paddock
20230512 com.sparta.mc.App INFO Added Employee Record in Binary Tree for: Manning
20230512 com.sparta.mc.App INFO Added Employee Record in Binary Tree for: Hafner
20230512 com.sparta.mc.App INFO Added Employee Record in Binary Tree for: Pearman
20230512 com.sparta.mc.App INFO Added Employee Record in Binary Tree for: Forman
20230512 com.sparta.mc.App INFO Added Employee Record in Binary Tree for: Osorio
20230512 com.sparta.mc.App INFO Added Employee Record in Binary Tree for: Simard
20230512 com.sparta.mc.App INFO Added Employee Record in Binary Tree for: Stoner
20230512 com.sparta.mc.App INFO Added Employee Record in Binary Tree for: Mattison
20230512 com.sparta.mc.App INFO Added Employee Record in Binary Tree for: Maeda
20230512 com.sparta.mc.App INFO Employee Records Retrieved: 20
20230512 com.sparta.mc.App INFO Added Employee Record in Binary Tree for: Rice
20230512 com.sparta.mc.App INFO Added Employee Record in Binary Tree for: Grover
20230512 com.sparta.mc.App INFO Added Employee Record in Binary Tree for: Crumley
20230512 com.sparta.mc.App INFO Added Employee Record in Binary Tree for: Tolbert
20230512 com.sparta.mc.App INFO Added Employee Record in Binary Tree for: Mease
20230512 com.sparta.mc.App INFO Added Employee Record in Binary Tree for: Avalos
20230512 com.sparta.mc.App INFO Added Employee Record in Binary Tree for: Corbin
20230512 com.sparta.mc.App INFO Added Employee Record in Binary Tree for: Cobos
20230512 com.sparta.mc.App INFO Added Employee Record in Binary Tree for: Graves
20230512 com.sparta.mc.App INFO Added Employee Record in Binary Tree for: Lafontaine
20230512 com.sparta.mc.App INFO Added Employee Record in Binary Tree for: Yen
20230512 com.sparta.mc.App INFO Added Employee Record in Binary Tree for: Hendrick
20230512 com.sparta.mc.App INFO Added Employee Record in Binary Tree for: Gaudet
20230512 com.sparta.mc.App INFO Added Employee Record in Binary Tree for: Harp
20230512 com.sparta.mc.App INFO Added Employee Record in Binary Tree for: Smith
20230512 com.sparta.mc.App INFO Added Employee Record in Binary Tree for: Guyton
20230512 com.sparta.mc.App INFO Added Employee Record in Binary Tree for: Dupont
20230512 com.sparta.mc.App INFO Added Employee Record in Binary Tree for: Washburn
20230512 com.sparta.mc.App INFO Added Employee Record in Binary Tree for: Toro
20230512 com.sparta.mc.App INFO Added Employee Record in Binary Tree for: Bazemore
20230512 com.sparta.mc.App WARNING Not Found in Binary Tree,  Employee: Bumgarner
20230512 com.sparta.mc.App WARNING Not Found in Binary Tree,  Employee: Rojo
20230512 com.sparta.mc.App WARNING Not Found in Binary Tree,  Employee: Jason
20230512 com.sparta.mc.App INFO Employee Records Retrieved: 20
20230512 com.sparta.mc.App INFO Added Employee Record in Binary Tree for: Waldrup
20230512 com.sparta.mc.App INFO Added Employee Record in Binary Tree for: Durante
20230512 com.sparta.mc.App INFO Added Employee Record in Binary Tree for: Tavares
20230512 com.sparta.mc.App INFO Added Employee Record in Binary Tree for: Ostrander
20230512 com.sparta.mc.App INFO Added Employee Record in Binary Tree for: Hopkins
20230512 com.sparta.mc.App INFO Added Employee Record in Binary Tree for: Turney
20230512 com.sparta.mc.App INFO Added Employee Record in Binary Tree for: Burney
20230512 com.sparta.mc.App INFO Added Employee Record in Binary Tree for: Vandiver
20230512 com.sparta.mc.App INFO Added Employee Record in Binary Tree for: Kish
20230512 com.sparta.mc.App INFO Added Employee Record in Binary Tree for: Heron
20230512 com.sparta.mc.App INFO Added Employee Record in Binary Tree for: Merkle
20230512 com.sparta.mc.App INFO Added Employee Record in Binary Tree for: Amaya
20230512 com.sparta.mc.App INFO Added Employee Record in Binary Tree for: Stewart
20230512 com.sparta.mc.App INFO Added Employee Record in Binary Tree for: Clem
20230512 com.sparta.mc.App INFO Added Employee Record in Binary Tree for: Schmitz
20230512 com.sparta.mc.App INFO Added Employee Record in Binary Tree for: Thompson
20230512 com.sparta.mc.App INFO Added Employee Record in Binary Tree for: Wyckoff
20230512 com.sparta.mc.App INFO Added Employee Record in Binary Tree for: Herold
20230512 com.sparta.mc.App INFO Added Employee Record in Binary Tree for: Fitts
20230512 com.sparta.mc.App INFO Added Employee Record in Binary Tree for: Montanez
20230512 com.sparta.mc.App WARNING Not Found in Binary Tree,  Employee: Bumgarner
20230512 com.sparta.mc.App WARNING Not Found in Binary Tree,  Employee: Rojo
20230512 com.sparta.mc.App WARNING Not Found in Binary Tree,  Employee: Jason
20230512 com.sparta.mc.App INFO Employee Records Retrieved: 20
20230512 com.sparta.mc.App INFO Added Employee Record in Binary Tree for: Dao
20230512 com.sparta.mc.App INFO Added Employee Record in Binary Tree for: Glasser
20230512 com.sparta.mc.App INFO Added Employee Record in Binary Tree for: Warner
20230512 com.sparta.mc.App INFO Added Employee Record in Binary Tree for: Perreault
20230512 com.sparta.mc.App INFO Added Employee Record in Binary Tree for: Tillery
20230512 com.sparta.mc.App INFO Added Employee Record in Binary Tree for: Bravo
20230512 com.sparta.mc.App INFO Added Employee Record in Binary Tree for: Crafton
20230512 com.sparta.mc.App INFO Added Employee Record in Binary Tree for: Chin
20230512 com.sparta.mc.App INFO Added Employee Record in Binary Tree for: Boyett
20230512 com.sparta.mc.App INFO Added Employee Record in Binary Tree for: Barnette
20230512 com.sparta.mc.App INFO Added Employee Record in Binary Tree for: Keeton
20230512 com.sparta.mc.App INFO Added Employee Record in Binary Tree for: Messinger
20230512 com.sparta.mc.App INFO Added Employee Record in Binary Tree for: Sipe
20230512 com.sparta.mc.App INFO Added Employee Record in Binary Tree for: Ball
20230512 com.sparta.mc.App INFO Added Employee Record in Binary Tree for: Denham
20230512 com.sparta.mc.App INFO Added Employee Record in Binary Tree for: Driggers
20230512 com.sparta.mc.App INFO Added Employee Record in Binary Tree for: Unknow
20230512 com.sparta.mc.App INFO Added Employee Record in Binary Tree for: Kim
20230512 com.sparta.mc.App INFO Added Employee Record in Binary Tree for: Aldrich
20230512 com.sparta.mc.App INFO Added Employee Record in Binary Tree for: Peralta
20230512 com.sparta.mc.App WARNING Not Found in Binary Tree,  Employee: Bumgarner
20230512 com.sparta.mc.App WARNING Not Found in Binary Tree,  Employee: Rojo
20230512 com.sparta.mc.App WARNING Not Found in Binary Tree,  Employee: Jason
20230512 com.sparta.mc.App INFO Employee Records Retrieved: 20
20230512 com.sparta.mc.App WARNING Employee Records Contain Bad Record: Emp ID
20230512 com.sparta.mc.App INFO Added Employee Record in Binary Tree for: Bumgarner
20230512 com.sparta.mc.App INFO Added Employee Record in Binary Tree for: Rojo
20230512 com.sparta.mc.App INFO Added Employee Record in Binary Tree for: Krawczyk
20230512 com.sparta.mc.App INFO Added Employee Record in Binary Tree for: Jason
20230512 com.sparta.mc.App INFO Added Employee Record in Binary Tree for: Forest
20230512 com.sparta.mc.App INFO Added Employee Record in Binary Tree for: Wan
20230512 com.sparta.mc.App INFO Added Employee Record in Binary Tree for: Farrow
20230512 com.sparta.mc.App INFO Added Employee Record in Binary Tree for: Fernandez
20230512 com.sparta.mc.App INFO Added Employee Record in Binary Tree for: Jackman
20230512 com.sparta.mc.App INFO Added Employee Record in Binary Tree for: Paddock
20230512 com.sparta.mc.App INFO Added Employee Record in Binary Tree for: Manning
20230512 com.sparta.mc.App INFO Added Employee Record in Binary Tree for: Hafner
20230512 com.sparta.mc.App INFO Added Employee Record in Binary Tree for: Pearman
20230512 com.sparta.mc.App INFO Added Employee Record in Binary Tree for: Forman
20230512 com.sparta.mc.App INFO Added Employee Record in Binary Tree for: Osorio
20230512 com.sparta.mc.App INFO Added Employee Record in Binary Tree for: Simard
20230512 com.sparta.mc.App INFO Added Employee Record in Binary Tree for: Stoner
20230512 com.sparta.mc.App INFO Added Employee Record in Binary Tree for: Mattison
20230512 com.sparta.mc.App INFO Added Employee Record in Binary Tree for: Maeda
20230512 com.sparta.mc.App INFO Employee Records Retrieved: 1000
20230512 com.sparta.mc.App INFO Added Employee Record in Binary Tree for: Armentrout
20230512 com.sparta.mc.App INFO Added Employee Record in Binary Tree for: Loney
20230512 com.sparta.mc.App INFO Added Employee Record in Binary Tree for: Rush
20230512 com.sparta.mc.App INFO Added Employee Record in Binary Tree for: Allan
20230512 com.sparta.mc.App INFO Added Employee Record in Binary Tree for: Slayton
20230512 com.sparta.mc.App INFO Added Employee Record in Binary Tree for: Carrizales
20230512 com.sparta.mc.App INFO Added Employee Record in Binary Tree for: Kay
20230512 com.sparta.mc.App INFO Added Employee Record in Binary Tree for: Smalley
20230512 com.sparta.mc.App INFO Added Employee Record in Binary Tree for: Kizer
20230512 com.sparta.mc.App INFO Added Employee Record in Binary Tree for: Alva
20230512 com.sparta.mc.App INFO Added Employee Record in Binary Tree for: Haney
20230512 com.sparta.mc.App INFO Added Employee Record in Binary Tree for: Mansell
20230512 com.sparta.mc.App INFO Added Employee Record in Binary Tree for: Ling
20230512 com.sparta.mc.App INFO Added Employee Record in Binary Tree for: Eberhardt
20230512 com.sparta.mc.App INFO Added Employee Record in Binary Tree for: Douglass
20230512 com.sparta.mc.App INFO Added Employee Record in Binary Tree for: Himes
20230512 com.sparta.mc.App INFO Added Employee Record in Binary Tree for: Duquette
20230512 com.sparta.mc.App INFO Added Employee Record in Binary Tree for: Lamp
20230512 com.sparta.mc.App INFO Added Employee Record in Binary Tree for: Sistrunk
20230512 com.sparta.mc.App INFO Added Employee Record in Binary Tree for: Lewis
20230512 com.sparta.mc.App INFO Added Employee Record in Binary Tree for: Hassett
20230512 com.sparta.mc.App INFO Added Employee Record in Binary Tree for: Kester
20230512 com.sparta.mc.App INFO Added Employee Record in Binary Tree for: Vue
20230512 com.sparta.mc.App INFO Added Employee Record in Binary Tree for: Dupre
20230512 com.sparta.mc.App INFO Added Employee Record in Binary Tree for: Biggerstaff
20230512 com.sparta.mc.App INFO Added Employee Record in Binary Tree for: Blood
20230512 com.sparta.mc.App INFO Added Employee Record in Binary Tree for: Theisen
20230512 com.sparta.mc.App INFO Added Employee Record in Binary Tree for: Bruns
20230512 com.sparta.mc.App INFO Added Employee Record in Binary Tree for: Ferreira
20230512 com.sparta.mc.App INFO Added Employee Record in Binary Tree for: Echeverria
20230512 com.sparta.mc.App INFO Added Employee Record in Binary Tree for: Fessler
20230512 com.sparta.mc.App INFO Added Employee Record in Binary Tree for: Tyus
20230512 com.sparta.mc.App INFO Added Employee Record in Binary Tree for: Petit
20230512 com.sparta.mc.App INFO Added Employee Record in Binary Tree for: Hotchkiss
20230512 com.sparta.mc.App INFO Added Employee Record in Binary Tree for: Heyward
20230512 com.sparta.mc.App INFO Added Employee Record in Binary Tree for: Treece
20230512 com.sparta.mc.App INFO Added Employee Record in Binary Tree for: Way
20230512 com.sparta.mc.App INFO Added Employee Record in Binary Tree for: Asbury
20230512 com.sparta.mc.App INFO Added Employee Record in Binary Tree for: Easterling
20230512 com.sparta.mc.App INFO Added Employee Record in Binary Tree for: Frazier
20230512 com.sparta.mc.App INFO Added Employee Record in Binary Tree for: Fortney
20230512 com.sparta.mc.App INFO Added Employee Record in Binary Tree for: Mattos
20230512 com.sparta.mc.App INFO Added Employee Record in Binary Tree for: Roark
20230512 com.sparta.mc.App INFO Added Employee Record in Binary Tree for: Headley
20230512 com.sparta.mc.App INFO Added Employee Record in Binary Tree for: Collings
20230512 com.sparta.mc.App INFO Added Employee Record in Binary Tree for: Oshiro
20230512 com.sparta.mc.App INFO Added Employee Record in Binary Tree for: Kimsey
20230512 com.sparta.mc.App INFO Added Employee Record in Binary Tree for: Briseno
20230512 com.sparta.mc.App INFO Added Employee Record in Binary Tree for: Hamill
20230512 com.sparta.mc.App INFO Added Employee Record in Binary Tree for: Snell
20230512 com.sparta.mc.App INFO Added Employee Record in Binary Tree for: Lacasse
20230512 com.sparta.mc.App INFO Added Employee Record in Binary Tree for: Conner
20230512 com.sparta.mc.App INFO Added Employee Record in Binary Tree for: Caudle
20230512 com.sparta.mc.App INFO Added Employee Record in Binary Tree for: Pabon
20230512 com.sparta.mc.App INFO Added Employee Record in Binary Tree for: Russo
20230512 com.sparta.mc.App INFO Added Employee Record in Binary Tree for: Chong
20230512 com.sparta.mc.App INFO Added Employee Record in Binary Tree for: Corral
20230512 com.sparta.mc.App INFO Added Employee Record in Binary Tree for: Owensby
20230512 com.sparta.mc.App INFO Added Employee Record in Binary Tree for: Yi
20230512 com.sparta.mc.App INFO Added Employee Record in Binary Tree for: Halley
20230512 com.sparta.mc.App INFO Added Employee Record in Binary Tree for: Sweitzer
20230512 com.sparta.mc.App INFO Added Employee Record in Binary Tree for: Elston
20230512 com.sparta.mc.App INFO Added Employee Record in Binary Tree for: Newberry
20230512 com.sparta.mc.App INFO Added Employee Record in Binary Tree for: Brock
20230512 com.sparta.mc.App INFO Added Employee Record in Binary Tree for: Schreiner
20230512 com.sparta.mc.App INFO Added Employee Record in Binary Tree for: Tetreault
20230512 com.sparta.mc.App INFO Added Employee Record in Binary Tree for: Jarmon
20230512 com.sparta.mc.App INFO Added Employee Record in Binary Tree for: Wentworth
20230512 com.sparta.mc.App INFO Added Employee Record in Binary Tree for: Thacker
20230512 com.sparta.mc.App INFO Added Employee Record in Binary Tree for: Byers
20230512 com.sparta.mc.App INFO Added Employee Record in Binary Tree for: Corn
20230512 com.sparta.mc.App INFO Added Employee Record in Binary Tree for: Rummel
20230512 com.sparta.mc.App INFO Added Employee Record in Binary Tree for: Neu
20230512 com.sparta.mc.App INFO Added Employee Record in Binary Tree for: Isaacson
20230512 com.sparta.mc.App INFO Added Employee Record in Binary Tree for: Arsenault
20230512 com.sparta.mc.App INFO Added Employee Record in Binary Tree for: Gaffney
20230512 com.sparta.mc.App INFO Added Employee Record in Binary Tree for: Keim
20230512 com.sparta.mc.App INFO Added Employee Record in Binary Tree for: Gay
20230512 com.sparta.mc.App INFO Added Employee Record in Binary Tree for: Hoye
20230512 com.sparta.mc.App INFO Added Employee Record in Binary Tree for: Newland
20230512 com.sparta.mc.App INFO Added Employee Record in Binary Tree for: Towery
20230512 com.sparta.mc.App INFO Added Employee Record in Binary Tree for: Baca
20230512 com.sparta.mc.App INFO Added Employee Record in Binary Tree for: Henke
20230512 com.sparta.mc.App INFO Added Employee Record in Binary Tree for: Fowler
20230512 com.sparta.mc.App INFO Added Employee Record in Binary Tree for: Valle
20230512 com.sparta.mc.App INFO Added Employee Record in Binary Tree for: Cottrill
20230512 com.sparta.mc.App INFO Added Employee Record in Binary Tree for: Uhl
20230512 com.sparta.mc.App INFO Added Employee Record in Binary Tree for: Mulvaney
20230512 com.sparta.mc.App INFO Added Employee Record in Binary Tree for: Klatt
20230512 com.sparta.mc.App INFO Added Employee Record in Binary Tree for: Melo
20230512 com.sparta.mc.App INFO Added Employee Record in Binary Tree for: Rabe
20230512 com.sparta.mc.App INFO Added Employee Record in Binary Tree for: Stanger
20230512 com.sparta.mc.App INFO Added Employee Record in Binary Tree for: Gamache
20230512 com.sparta.mc.App INFO Added Employee Record in Binary Tree for: Mccutchen
20230512 com.sparta.mc.App INFO Added Employee Record in Binary Tree for: Dominquez
20230512 com.sparta.mc.App INFO Added Employee Record in Binary Tree for: Hildebrand
20230512 com.sparta.mc.App INFO Added Employee Record in Binary Tree for: Leonard
20230512 com.sparta.mc.App INFO Added Employee Record in Binary Tree for: Perkins
20230512 com.sparta.mc.App INFO Added Employee Record in Binary Tree for: Stonge
20230512 com.sparta.mc.App INFO Added Employee Record in Binary Tree for: Mcclelland
20230512 com.sparta.mc.App INFO Added Employee Record in Binary Tree for: Boney
20230512 com.sparta.mc.App INFO Added Employee Record in Binary Tree for: Babineaux
20230512 com.sparta.mc.App INFO Added Employee Record in Binary Tree for: Goodin
20230512 com.sparta.mc.App INFO Added Employee Record in Binary Tree for: Roscoe
20230512 com.sparta.mc.App INFO Added Employee Record in Binary Tree for: Mefford
20230512 com.sparta.mc.App INFO Added Employee Record in Binary Tree for: Trantham
20230512 com.sparta.mc.App INFO Added Employee Record in Binary Tree for: Sheridan
20230512 com.sparta.mc.App INFO Added Employee Record in Binary Tree for: Hardnett
20230512 com.sparta.mc.App INFO Added Employee Record in Binary Tree for: Rucker
20230512 com.sparta.mc.App INFO Added Employee Record in Binary Tree for: Belcher
20230512 com.sparta.mc.App INFO Added Employee Record in Binary Tree for: Caines
20230512 com.sparta.mc.App INFO Added Employee Record in Binary Tree for: Michaelis
20230512 com.sparta.mc.App INFO Added Employee Record in Binary Tree for: Mock
20230512 com.sparta.mc.App INFO Added Employee Record in Binary Tree for: Winder
20230512 com.sparta.mc.App INFO Added Employee Record in Binary Tree for: Prindle
20230512 com.sparta.mc.App INFO Added Employee Record in Binary Tree for: Voss
20230512 com.sparta.mc.App INFO Added Employee Record in Binary Tree for: Stafford
20230512 com.sparta.mc.App INFO Added Employee Record in Binary Tree for: Manning
20230512 com.sparta.mc.App INFO Added Employee Record in Binary Tree for: Hunley
20230512 com.sparta.mc.App INFO Added Employee Record in Binary Tree for: Shaner
20230512 com.sparta.mc.App INFO Added Employee Record in Binary Tree for: Avelar
20230512 com.sparta.mc.App INFO Added Employee Record in Binary Tree for: Jurado
20230512 com.sparta.mc.App INFO Added Employee Record in Binary Tree for: Burcham
20230512 com.sparta.mc.App INFO Added Employee Record in Binary Tree for: Brunet
20230512 com.sparta.mc.App INFO Added Employee Record in Binary Tree for: Mosier
20230512 com.sparta.mc.App INFO Added Employee Record in Binary Tree for: Aycock
20230512 com.sparta.mc.App INFO Added Employee Record in Binary Tree for: Jinks
20230512 com.sparta.mc.App INFO Added Employee Record in Binary Tree for: Pilgrim
20230512 com.sparta.mc.App INFO Added Employee Record in Binary Tree for: Kittle
20230512 com.sparta.mc.App INFO Added Employee Record in Binary Tree for: Houghton
20230512 com.sparta.mc.App INFO Added Employee Record in Binary Tree for: Parson
20230512 com.sparta.mc.App INFO Added Employee Record in Binary Tree for: Rubin
20230512 com.sparta.mc.App INFO Added Employee Record in Binary Tree for: Reese
20230512 com.sparta.mc.App INFO Added Employee Record in Binary Tree for: Wyckoff
20230512 com.sparta.mc.App INFO Added Employee Record in Binary Tree for: Koopman
20230512 com.sparta.mc.App INFO Added Employee Record in Binary Tree for: Brooker
20230512 com.sparta.mc.App INFO Added Employee Record in Binary Tree for: Scarbrough
20230512 com.sparta.mc.App INFO Added Employee Record in Binary Tree for: Million
20230512 com.sparta.mc.App INFO Added Employee Record in Binary Tree for: Hummel
20230512 com.sparta.mc.App INFO Added Employee Record in Binary Tree for: Wiseman
20230512 com.sparta.mc.App INFO Added Employee Record in Binary Tree for: Shephard
20230512 com.sparta.mc.App INFO Added Employee Record in Binary Tree for: Haas
20230512 com.sparta.mc.App INFO Added Employee Record in Binary Tree for: Lyon
20230512 com.sparta.mc.App INFO Added Employee Record in Binary Tree for: Holiday
20230512 com.sparta.mc.App INFO Added Employee Record in Binary Tree for: Hudak
20230512 com.sparta.mc.App INFO Added Employee Record in Binary Tree for: Pelfrey
20230512 com.sparta.mc.App INFO Added Employee Record in Binary Tree for: Spiker
20230512 com.sparta.mc.App INFO Added Employee Record in Binary Tree for: Schoonmaker
20230512 com.sparta.mc.App INFO Added Employee Record in Binary Tree for: Nguyen
20230512 com.sparta.mc.App INFO Added Employee Record in Binary Tree for: Pitcher
20230512 com.sparta.mc.App INFO Added Employee Record in Binary Tree for: Mackinnon
20230512 com.sparta.mc.App INFO Added Employee Record in Binary Tree for: Stinnett
20230512 com.sparta.mc.App INFO Added Employee Record in Binary Tree for: Kincaid
20230512 com.sparta.mc.App INFO Added Employee Record in Binary Tree for: Nagel
20230512 com.sparta.mc.App INFO Added Employee Record in Binary Tree for: Gillen
20230512 com.sparta.mc.App INFO Added Employee Record in Binary Tree for: Pettway
20230512 com.sparta.mc.App INFO Added Employee Record in Binary Tree for: Rathbun
20230512 com.sparta.mc.App INFO Added Employee Record in Binary Tree for: Baptiste
20230512 com.sparta.mc.App INFO Added Employee Record in Binary Tree for: Teel
20230512 com.sparta.mc.App INFO Added Employee Record in Binary Tree for: Wheat
20230512 com.sparta.mc.App INFO Added Employee Record in Binary Tree for: Phillips
20230512 com.sparta.mc.App INFO Added Employee Record in Binary Tree for: Eliason
20230512 com.sparta.mc.App INFO Added Employee Record in Binary Tree for: Sellers
20230512 com.sparta.mc.App INFO Added Employee Record in Binary Tree for: Wooley
20230512 com.sparta.mc.App INFO Added Employee Record in Binary Tree for: Auld
20230512 com.sparta.mc.App INFO Added Employee Record in Binary Tree for: Malley
20230512 com.sparta.mc.App INFO Added Employee Record in Binary Tree for: Blackmore
20230512 com.sparta.mc.App INFO Added Employee Record in Binary Tree for: Healy
20230512 com.sparta.mc.App INFO Added Employee Record in Binary Tree for: Kinder
20230512 com.sparta.mc.App INFO Added Employee Record in Binary Tree for: Keen
20230512 com.sparta.mc.App INFO Added Employee Record in Binary Tree for: Vasques
20230512 com.sparta.mc.App INFO Added Employee Record in Binary Tree for: Radcliff
20230512 com.sparta.mc.App INFO Added Employee Record in Binary Tree for: Rigby
20230512 com.sparta.mc.App INFO Added Employee Record in Binary Tree for: Foy
20230512 com.sparta.mc.App INFO Added Employee Record in Binary Tree for: Ybarra
20230512 com.sparta.mc.App INFO Added Employee Record in Binary Tree for: Roney
20230512 com.sparta.mc.App INFO Added Employee Record in Binary Tree for: Hager
20230512 com.sparta.mc.App INFO Added Employee Record in Binary Tree for: Kowalewski
20230512 com.sparta.mc.App INFO Added Employee Record in Binary Tree for: Castanon
20230512 com.sparta.mc.App INFO Added Employee Record in Binary Tree for: Spraggins
20230512 com.sparta.mc.App INFO Added Employee Record in Binary Tree for: Ontiveros
20230512 com.sparta.mc.App INFO Added Employee Record in Binary Tree for: Jennings
20230512 com.sparta.mc.App INFO Added Employee Record in Binary Tree for: Mcmaster
20230512 com.sparta.mc.App INFO Added Employee Record in Binary Tree for: Yeh
20230512 com.sparta.mc.App INFO Added Employee Record in Binary Tree for: Pickle
20230512 com.sparta.mc.App INFO Added Employee Record in Binary Tree for: Pettaway
20230512 com.sparta.mc.App INFO Added Employee Record in Binary Tree for: Dandrea
20230512 com.sparta.mc.App INFO Added Employee Record in Binary Tree for: Mosher
20230512 com.sparta.mc.App INFO Added Employee Record in Binary Tree for: Freitas
20230512 com.sparta.mc.App INFO Added Employee Record in Binary Tree for: Shavers
20230512 com.sparta.mc.App INFO Added Employee Record in Binary Tree for: Davie
20230512 com.sparta.mc.App INFO Added Employee Record in Binary Tree for: East
20230512 com.sparta.mc.App INFO Added Employee Record in Binary Tree for: Ripley
20230512 com.sparta.mc.App INFO Added Employee Record in Binary Tree for: Eskridge
20230512 com.sparta.mc.App INFO Added Employee Record in Binary Tree for: Gruber
20230512 com.sparta.mc.App INFO Added Employee Record in Binary Tree for: Vandiver
20230512 com.sparta.mc.App INFO Added Employee Record in Binary Tree for: Gile
20230512 com.sparta.mc.App INFO Added Employee Record in Binary Tree for: Sherman
20230512 com.sparta.mc.App INFO Added Employee Record in Binary Tree for: Puryear
20230512 com.sparta.mc.App INFO Added Employee Record in Binary Tree for: Beecher
20230512 com.sparta.mc.App INFO Added Employee Record in Binary Tree for: Robins
20230512 com.sparta.mc.App INFO Added Employee Record in Binary Tree for: Stultz
20230512 com.sparta.mc.App INFO Added Employee Record in Binary Tree for: Cape
20230512 com.sparta.mc.App INFO Added Employee Record in Binary Tree for: Jarrett
20230512 com.sparta.mc.App INFO Added Employee Record in Binary Tree for: Gil
20230512 com.sparta.mc.App INFO Added Employee Record in Binary Tree for: Garcia
20230512 com.sparta.mc.App INFO Added Employee Record in Binary Tree for: Damian
20230512 com.sparta.mc.App INFO Added Employee Record in Binary Tree for: Becerra
20230512 com.sparta.mc.App INFO Added Employee Record in Binary Tree for: Neeley
20230512 com.sparta.mc.App INFO Added Employee Record in Binary Tree for: Whitten
20230512 com.sparta.mc.App INFO Added Employee Record in Binary Tree for: Dyson
20230512 com.sparta.mc.App INFO Added Employee Record in Binary Tree for: Clyde
20230512 com.sparta.mc.App INFO Added Employee Record in Binary Tree for: Cookson
20230512 com.sparta.mc.App INFO Added Employee Record in Binary Tree for: Waldman
20230512 com.sparta.mc.App INFO Added Employee Record in Binary Tree for: Brauer
20230512 com.sparta.mc.App INFO Added Employee Record in Binary Tree for: Edelman
20230512 com.sparta.mc.App INFO Added Employee Record in Binary Tree for: Lilly
20230512 com.sparta.mc.App INFO Added Employee Record in Binary Tree for: Hartwig
20230512 com.sparta.mc.App INFO Added Employee Record in Binary Tree for: Blackburn
20230512 com.sparta.mc.App INFO Added Employee Record in Binary Tree for: Freitag
20230512 com.sparta.mc.App INFO Added Employee Record in Binary Tree for: Griswold
20230512 com.sparta.mc.App INFO Added Employee Record in Binary Tree for: Mcguinness
20230512 com.sparta.mc.App INFO Added Employee Record in Binary Tree for: Varney
20230512 com.sparta.mc.App INFO Added Employee Record in Binary Tree for: Adam
20230512 com.sparta.mc.App INFO Added Employee Record in Binary Tree for: Mendes
20230512 com.sparta.mc.App INFO Added Employee Record in Binary Tree for: Waldron
20230512 com.sparta.mc.App INFO Added Employee Record in Binary Tree for: Steinman
20230512 com.sparta.mc.App INFO Added Employee Record in Binary Tree for: Matherly
20230512 com.sparta.mc.App INFO Added Employee Record in Binary Tree for: Kovach
20230512 com.sparta.mc.App INFO Added Employee Record in Binary Tree for: Sudduth
20230512 com.sparta.mc.App INFO Added Employee Record in Binary Tree for: Fullmer
20230512 com.sparta.mc.App INFO Added Employee Record in Binary Tree for: Shell
20230512 com.sparta.mc.App INFO Added Employee Record in Binary Tree for: Tindle
20230512 com.sparta.mc.App INFO Added Employee Record in Binary Tree for: Dodds
20230512 com.sparta.mc.App INFO Added Employee Record in Binary Tree for: Pearce
20230512 com.sparta.mc.App INFO Added Employee Record in Binary Tree for: Lollis
20230512 com.sparta.mc.App INFO Added Employee Record in Binary Tree for: Pritchett
20230512 com.sparta.mc.App INFO Added Employee Record in Binary Tree for: Schell
20230512 com.sparta.mc.App INFO Added Employee Record in Binary Tree for: Fults
20230512 com.sparta.mc.App INFO Added Employee Record in Binary Tree for: Dever
20230512 com.sparta.mc.App INFO Added Employee Record in Binary Tree for: Fink
20230512 com.sparta.mc.App INFO Added Employee Record in Binary Tree for: Washburn
20230512 com.sparta.mc.App INFO Added Employee Record in Binary Tree for: Hankins
20230512 com.sparta.mc.App INFO Added Employee Record in Binary Tree for: Poor
20230512 com.sparta.mc.App INFO Added Employee Record in Binary Tree for: Callison
20230512 com.sparta.mc.App INFO Added Employee Record in Binary Tree for: Straley
20230512 com.sparta.mc.App INFO Added Employee Record in Binary Tree for: Runyan
20230512 com.sparta.mc.App INFO Added Employee Record in Binary Tree for: Ferree
20230512 com.sparta.mc.App INFO Added Employee Record in Binary Tree for: Burdick
20230512 com.sparta.mc.App INFO Added Employee Record in Binary Tree for: Hayman
20230512 com.sparta.mc.App INFO Added Employee Record in Binary Tree for: Straw
20230512 com.sparta.mc.App INFO Added Employee Record in Binary Tree for: Miyamoto
20230512 com.sparta.mc.App INFO Added Employee Record in Binary Tree for: Kessel
20230512 com.sparta.mc.App INFO Added Employee Record in Binary Tree for: Hartzell
20230512 com.sparta.mc.App INFO Added Employee Record in Binary Tree for: Devries
20230512 com.sparta.mc.App INFO Added Employee Record in Binary Tree for: Alcantar
20230512 com.sparta.mc.App INFO Added Employee Record in Binary Tree for: Shepherd
20230512 com.sparta.mc.App INFO Added Employee Record in Binary Tree for: Johns
20230512 com.sparta.mc.App INFO Added Employee Record in Binary Tree for: Richie
20230512 com.sparta.mc.App INFO Added Employee Record in Binary Tree for: Clyburn
20230512 com.sparta.mc.App INFO Added Employee Record in Binary Tree for: Lacasse
20230512 com.sparta.mc.App INFO Added Employee Record in Binary Tree for: Mcreynolds
20230512 com.sparta.mc.App INFO Added Employee Record in Binary Tree for: Beaton
20230512 com.sparta.mc.App INFO Added Employee Record in Binary Tree for: Underhill
20230512 com.sparta.mc.App INFO Added Employee Record in Binary Tree for: Monzon
20230512 com.sparta.mc.App INFO Added Employee Record in Binary Tree for: Shreve
20230512 com.sparta.mc.App INFO Added Employee Record in Binary Tree for: Stinnett
20230512 com.sparta.mc.App INFO Added Employee Record in Binary Tree for: Alcantar
20230512 com.sparta.mc.App INFO Added Employee Record in Binary Tree for: Mckissick
20230512 com.sparta.mc.App INFO Added Employee Record in Binary Tree for: Colton
20230512 com.sparta.mc.App INFO Added Employee Record in Binary Tree for: Wayland
20230512 com.sparta.mc.App INFO Added Employee Record in Binary Tree for: Link
20230512 com.sparta.mc.App INFO Added Employee Record in Binary Tree for: Mcquade
20230512 com.sparta.mc.App INFO Added Employee Record in Binary Tree for: Flannery
20230512 com.sparta.mc.App INFO Added Employee Record in Binary Tree for: Seitz
20230512 com.sparta.mc.App INFO Added Employee Record in Binary Tree for: Nunn
20230512 com.sparta.mc.App INFO Added Employee Record in Binary Tree for: Maynor
20230512 com.sparta.mc.App INFO Added Employee Record in Binary Tree for: Yoho
20230512 com.sparta.mc.App INFO Added Employee Record in Binary Tree for: Williford
20230512 com.sparta.mc.App INFO Added Employee Record in Binary Tree for: Pringle
20230512 com.sparta.mc.App INFO Added Employee Record in Binary Tree for: Roebuck
20230512 com.sparta.mc.App INFO Added Employee Record in Binary Tree for: Anders
20230512 com.sparta.mc.App INFO Added Employee Record in Binary Tree for: Ritchey
20230512 com.sparta.mc.App INFO Added Employee Record in Binary Tree for: Addington
20230512 com.sparta.mc.App INFO Added Employee Record in Binary Tree for: Larkins
20230512 com.sparta.mc.App INFO Added Employee Record in Binary Tree for: Tew
20230512 com.sparta.mc.App INFO Added Employee Record in Binary Tree for: Farwell
20230512 com.sparta.mc.App INFO Added Employee Record in Binary Tree for: Leatherman
20230512 com.sparta.mc.App INFO Added Employee Record in Binary Tree for: Dail
20230512 com.sparta.mc.App INFO Added Employee Record in Binary Tree for: Meraz
20230512 com.sparta.mc.App INFO Added Employee Record in Binary Tree for: Bojorquez
20230512 com.sparta.mc.App INFO Added Employee Record in Binary Tree for: Larios
20230512 com.sparta.mc.App INFO Added Employee Record in Binary Tree for: Saylor
20230512 com.sparta.mc.App INFO Added Employee Record in Binary Tree for: Fehr
20230512 com.sparta.mc.App INFO Added Employee Record in Binary Tree for: Chapple
20230512 com.sparta.mc.App INFO Added Employee Record in Binary Tree for: Dixson
20230512 com.sparta.mc.App INFO Added Employee Record in Binary Tree for: Jude
20230512 com.sparta.mc.App INFO Added Employee Record in Binary Tree for: Amador
20230512 com.sparta.mc.App INFO Added Employee Record in Binary Tree for: Spurgeon
20230512 com.sparta.mc.App INFO Added Employee Record in Binary Tree for: Garner
20230512 com.sparta.mc.App INFO Added Employee Record in Binary Tree for: Paulin
20230512 com.sparta.mc.App INFO Added Employee Record in Binary Tree for: Mathis
20230512 com.sparta.mc.App INFO Added Employee Record in Binary Tree for: Constantino
20230512 com.sparta.mc.App INFO Added Employee Record in Binary Tree for: Lilley
20230512 com.sparta.mc.App INFO Added Employee Record in Binary Tree for: Laliberte
20230512 com.sparta.mc.App INFO Added Employee Record in Binary Tree for: Choe
20230512 com.sparta.mc.App INFO Added Employee Record in Binary Tree for: Groh
20230512 com.sparta.mc.App INFO Added Employee Record in Binary Tree for: Shoop
20230512 com.sparta.mc.App INFO Added Employee Record in Binary Tree for: Corrigan
20230512 com.sparta.mc.App INFO Added Employee Record in Binary Tree for: Gwinn
20230512 com.sparta.mc.App INFO Added Employee Record in Binary Tree for: Ruelas
20230512 com.sparta.mc.App INFO Added Employee Record in Binary Tree for: Mizell
20230512 com.sparta.mc.App INFO Added Employee Record in Binary Tree for: Haley
20230512 com.sparta.mc.App INFO Added Employee Record in Binary Tree for: Begley
20230512 com.sparta.mc.App INFO Added Employee Record in Binary Tree for: Mchenry
20230512 com.sparta.mc.App INFO Added Employee Record in Binary Tree for: Lingenfelter
20230512 com.sparta.mc.App INFO Added Employee Record in Binary Tree for: Pinkard
20230512 com.sparta.mc.App INFO Added Employee Record in Binary Tree for: Savoie
20230512 com.sparta.mc.App INFO Added Employee Record in Binary Tree for: Alonzo
20230512 com.sparta.mc.App INFO Added Employee Record in Binary Tree for: Layfield
20230512 com.sparta.mc.App INFO Added Employee Record in Binary Tree for: Menjivar
20230512 com.sparta.mc.App INFO Added Employee Record in Binary Tree for: Mondragon
20230512 com.sparta.mc.App INFO Added Employee Record in Binary Tree for: Wyrick
20230512 com.sparta.mc.App INFO Added Employee Record in Binary Tree for: Lewis
20230512 com.sparta.mc.App INFO Added Employee Record in Binary Tree for: Dingman
20230512 com.sparta.mc.App INFO Added Employee Record in Binary Tree for: Newport
20230512 com.sparta.mc.App INFO Added Employee Record in Binary Tree for: Featherstone
20230512 com.sparta.mc.App INFO Added Employee Record in Binary Tree for: Baez
20230512 com.sparta.mc.App INFO Added Employee Record in Binary Tree for: Gaitan
20230512 com.sparta.mc.App INFO Added Employee Record in Binary Tree for: Alden
20230512 com.sparta.mc.App INFO Added Employee Record in Binary Tree for: Yoon
20230512 com.sparta.mc.App INFO Added Employee Record in Binary Tree for: Foster
20230512 com.sparta.mc.App INFO Added Employee Record in Binary Tree for: Gideon
20230512 com.sparta.mc.App INFO Added Employee Record in Binary Tree for: Linder
20230512 com.sparta.mc.App INFO Added Employee Record in Binary Tree for: Hoffmann
20230512 com.sparta.mc.App INFO Added Employee Record in Binary Tree for: Fowlkes
20230512 com.sparta.mc.App INFO Added Employee Record in Binary Tree for: Rosa
20230512 com.sparta.mc.App INFO Added Employee Record in Binary Tree for: Poisson
20230512 com.sparta.mc.App INFO Added Employee Record in Binary Tree for: Lemay
20230512 com.sparta.mc.App INFO Added Employee Record in Binary Tree for: Mejia
20230512 com.sparta.mc.App INFO Added Employee Record in Binary Tree for: Yarborough
20230512 com.sparta.mc.App INFO Added Employee Record in Binary Tree for: Kilburn
20230512 com.sparta.mc.App INFO Added Employee Record in Binary Tree for: Fricke
20230512 com.sparta.mc.App INFO Added Employee Record in Binary Tree for: Groce
20230512 com.sparta.mc.App INFO Added Employee Record in Binary Tree for: Birchfield
20230512 com.sparta.mc.App INFO Added Employee Record in Binary Tree for: Quade
20230512 com.sparta.mc.App INFO Added Employee Record in Binary Tree for: Luker
20230512 com.sparta.mc.App INFO Added Employee Record in Binary Tree for: Woolfolk
20230512 com.sparta.mc.App INFO Added Employee Record in Binary Tree for: Ferraro
20230512 com.sparta.mc.App INFO Added Employee Record in Binary Tree for: Ferrante
20230512 com.sparta.mc.App INFO Added Employee Record in Binary Tree for: Mclane
20230512 com.sparta.mc.App INFO Added Employee Record in Binary Tree for: Castaneda
20230512 com.sparta.mc.App INFO Added Employee Record in Binary Tree for: Markel
20230512 com.sparta.mc.App INFO Added Employee Record in Binary Tree for: Buxton
20230512 com.sparta.mc.App INFO Added Employee Record in Binary Tree for: Quach
20230512 com.sparta.mc.App INFO Added Employee Record in Binary Tree for: Gillespie
20230512 com.sparta.mc.App INFO Added Employee Record in Binary Tree for: Council
20230512 com.sparta.mc.App INFO Added Employee Record in Binary Tree for: Thorson
20230512 com.sparta.mc.App INFO Added Employee Record in Binary Tree for: Josephson
20230512 com.sparta.mc.App INFO Added Employee Record in Binary Tree for: Willson
20230512 com.sparta.mc.App INFO Added Employee Record in Binary Tree for: Yung
20230512 com.sparta.mc.App INFO Added Employee Record in Binary Tree for: Abarca
20230512 com.sparta.mc.App INFO Added Employee Record in Binary Tree for: Wagers
20230512 com.sparta.mc.App INFO Added Employee Record in Binary Tree for: Sherlock
20230512 com.sparta.mc.App INFO Added Employee Record in Binary Tree for: Durand
20230512 com.sparta.mc.App INFO Added Employee Record in Binary Tree for: Whisenant
20230512 com.sparta.mc.App INFO Added Employee Record in Binary Tree for: Hamel
20230512 com.sparta.mc.App INFO Added Employee Record in Binary Tree for: Woodley
20230512 com.sparta.mc.App INFO Added Employee Record in Binary Tree for: Perrine
20230512 com.sparta.mc.App INFO Added Employee Record in Binary Tree for: Wheeler
20230512 com.sparta.mc.App INFO Added Employee Record in Binary Tree for: Lair
20230512 com.sparta.mc.App INFO Added Employee Record in Binary Tree for: Harbaugh
20230512 com.sparta.mc.App INFO Added Employee Record in Binary Tree for: Ruben
20230512 com.sparta.mc.App INFO Added Employee Record in Binary Tree for: Nigro
20230512 com.sparta.mc.App INFO Added Employee Record in Binary Tree for: Findlay
20230512 com.sparta.mc.App INFO Added Employee Record in Binary Tree for: Dorr
20230512 com.sparta.mc.App INFO Added Employee Record in Binary Tree for: Hutton
20230512 com.sparta.mc.App INFO Added Employee Record in Binary Tree for: Bond
20230512 com.sparta.mc.App INFO Added Employee Record in Binary Tree for: Hoekstra
20230512 com.sparta.mc.App INFO Added Employee Record in Binary Tree for: Robichaux
20230512 com.sparta.mc.App INFO Added Employee Record in Binary Tree for: List
20230512 com.sparta.mc.App INFO Added Employee Record in Binary Tree for: Ralston
20230512 com.sparta.mc.App INFO Added Employee Record in Binary Tree for: Greenhaw
20230512 com.sparta.mc.App INFO Added Employee Record in Binary Tree for: Pell
20230512 com.sparta.mc.App INFO Added Employee Record in Binary Tree for: Winston
20230512 com.sparta.mc.App INFO Added Employee Record in Binary Tree for: Gaffney
20230512 com.sparta.mc.App INFO Added Employee Record in Binary Tree for: Hudgins
20230512 com.sparta.mc.App INFO Added Employee Record in Binary Tree for: Breazeale
20230512 com.sparta.mc.App INFO Added Employee Record in Binary Tree for: Bramblett
20230512 com.sparta.mc.App INFO Added Employee Record in Binary Tree for: Vetter
20230512 com.sparta.mc.App INFO Added Employee Record in Binary Tree for: Ruth
20230512 com.sparta.mc.App INFO Added Employee Record in Binary Tree for: Busse
20230512 com.sparta.mc.App INFO Added Employee Record in Binary Tree for: Vela
20230512 com.sparta.mc.App INFO Added Employee Record in Binary Tree for: Sifuentes
20230512 com.sparta.mc.App INFO Added Employee Record in Binary Tree for: Rau
20230512 com.sparta.mc.App INFO Added Employee Record in Binary Tree for: Munson
20230512 com.sparta.mc.App INFO Added Employee Record in Binary Tree for: Kirwan
20230512 com.sparta.mc.App INFO Added Employee Record in Binary Tree for: Faison
20230512 com.sparta.mc.App INFO Added Employee Record in Binary Tree for: Pride
20230512 com.sparta.mc.App INFO Added Employee Record in Binary Tree for: Spiller
20230512 com.sparta.mc.App INFO Added Employee Record in Binary Tree for: Strawser
20230512 com.sparta.mc.App INFO Added Employee Record in Binary Tree for: Salisbury
20230512 com.sparta.mc.App INFO Added Employee Record in Binary Tree for: Tracy
20230512 com.sparta.mc.App INFO Added Employee Record in Binary Tree for: Galindo
20230512 com.sparta.mc.App INFO Added Employee Record in Binary Tree for: Zelaya
20230512 com.sparta.mc.App INFO Added Employee Record in Binary Tree for: Yancy
20230512 com.sparta.mc.App INFO Added Employee Record in Binary Tree for: Coolidge
20230512 com.sparta.mc.App INFO Added Employee Record in Binary Tree for: Roan
20230512 com.sparta.mc.App INFO Added Employee Record in Binary Tree for: Mease
20230512 com.sparta.mc.App INFO Added Employee Record in Binary Tree for: Hamilton
20230512 com.sparta.mc.App INFO Added Employee Record in Binary Tree for: Foti
20230512 com.sparta.mc.App INFO Added Employee Record in Binary Tree for: Stickler
20230512 com.sparta.mc.App INFO Added Employee Record in Binary Tree for: Mckown
20230512 com.sparta.mc.App INFO Added Employee Record in Binary Tree for: Beveridge
20230512 com.sparta.mc.App INFO Added Employee Record in Binary Tree for: Cutter
20230512 com.sparta.mc.App INFO Added Employee Record in Binary Tree for: Ayres
20230512 com.sparta.mc.App INFO Added Employee Record in Binary Tree for: Goulet
20230512 com.sparta.mc.App INFO Added Employee Record in Binary Tree for: Bullington
20230512 com.sparta.mc.App INFO Added Employee Record in Binary Tree for: Storey
20230512 com.sparta.mc.App INFO Added Employee Record in Binary Tree for: Emmett
20230512 com.sparta.mc.App INFO Added Employee Record in Binary Tree for: Baez
20230512 com.sparta.mc.App INFO Added Employee Record in Binary Tree for: Greenwell
20230512 com.sparta.mc.App INFO Added Employee Record in Binary Tree for: Sato
20230512 com.sparta.mc.App INFO Added Employee Record in Binary Tree for: Dalton
20230512 com.sparta.mc.App INFO Added Employee Record in Binary Tree for: Vassallo
20230512 com.sparta.mc.App INFO Added Employee Record in Binary Tree for: Haley
20230512 com.sparta.mc.App INFO Added Employee Record in Binary Tree for: Ingalls
20230512 com.sparta.mc.App INFO Added Employee Record in Binary Tree for: Mackie
20230512 com.sparta.mc.App INFO Added Employee Record in Binary Tree for: Latta
20230512 com.sparta.mc.App INFO Added Employee Record in Binary Tree for: Meeker
20230512 com.sparta.mc.App INFO Added Employee Record in Binary Tree for: Eckenrode
20230512 com.sparta.mc.App INFO Added Employee Record in Binary Tree for: Slaughter
20230512 com.sparta.mc.App INFO Added Employee Record in Binary Tree for: Colton
20230512 com.sparta.mc.App INFO Added Employee Record in Binary Tree for: Acord
20230512 com.sparta.mc.App INFO Added Employee Record in Binary Tree for: Minnick
20230512 com.sparta.mc.App INFO Added Employee Record in Binary Tree for: Ledezma
20230512 com.sparta.mc.App INFO Added Employee Record in Binary Tree for: Vining
20230512 com.sparta.mc.App INFO Added Employee Record in Binary Tree for: Sales
20230512 com.sparta.mc.App INFO Added Employee Record in Binary Tree for: Higgs
20230512 com.sparta.mc.App INFO Added Employee Record in Binary Tree for: Southworth
20230512 com.sparta.mc.App INFO Added Employee Record in Binary Tree for: Hong
20230512 com.sparta.mc.App INFO Added Employee Record in Binary Tree for: Kasten
20230512 com.sparta.mc.App INFO Added Employee Record in Binary Tree for: Million
20230512 com.sparta.mc.App INFO Added Employee Record in Binary Tree for: Hickerson
20230512 com.sparta.mc.App INFO Added Employee Record in Binary Tree for: Auten
20230512 com.sparta.mc.App INFO Added Employee Record in Binary Tree for: Fouts
20230512 com.sparta.mc.App INFO Added Employee Record in Binary Tree for: Frierson
20230512 com.sparta.mc.App INFO Added Employee Record in Binary Tree for: Stover
20230512 com.sparta.mc.App INFO Added Employee Record in Binary Tree for: Vidrine
20230512 com.sparta.mc.App INFO Added Employee Record in Binary Tree for: Bautista
20230512 com.sparta.mc.App INFO Added Employee Record in Binary Tree for: Conroy
20230512 com.sparta.mc.App INFO Added Employee Record in Binary Tree for: Thornton
20230512 com.sparta.mc.App INFO Added Employee Record in Binary Tree for: Palm
20230512 com.sparta.mc.App INFO Added Employee Record in Binary Tree for: Andersen
20230512 com.sparta.mc.App INFO Added Employee Record in Binary Tree for: Barnhart
20230512 com.sparta.mc.App INFO Added Employee Record in Binary Tree for: Land
20230512 com.sparta.mc.App INFO Added Employee Record in Binary Tree for: Stuckey
20230512 com.sparta.mc.App INFO Added Employee Record in Binary Tree for: Troyer
20230512 com.sparta.mc.App INFO Added Employee Record in Binary Tree for: Magruder
20230512 com.sparta.mc.App INFO Added Employee Record in Binary Tree for: Wylie
20230512 com.sparta.mc.App INFO Added Employee Record in Binary Tree for: Fischer
20230512 com.sparta.mc.App INFO Added Employee Record in Binary Tree for: Samuelson
20230512 com.sparta.mc.App INFO Added Employee Record in Binary Tree for: Tedford
20230512 com.sparta.mc.App INFO Added Employee Record in Binary Tree for: Kemp
20230512 com.sparta.mc.App INFO Added Employee Record in Binary Tree for: Maurice
20230512 com.sparta.mc.App INFO Added Employee Record in Binary Tree for: Lillie
20230512 com.sparta.mc.App INFO Added Employee Record in Binary Tree for: Grubbs
20230512 com.sparta.mc.App INFO Added Employee Record in Binary Tree for: Emerick
20230512 com.sparta.mc.App INFO Added Employee Record in Binary Tree for: Vestal
20230512 com.sparta.mc.App INFO Added Employee Record in Binary Tree for: Thurman
20230512 com.sparta.mc.App INFO Added Employee Record in Binary Tree for: Truss
20230512 com.sparta.mc.App INFO Added Employee Record in Binary Tree for: Hepner
20230512 com.sparta.mc.App INFO Added Employee Record in Binary Tree for: Michalski
20230512 com.sparta.mc.App INFO Added Employee Record in Binary Tree for: Petro
20230512 com.sparta.mc.App INFO Added Employee Record in Binary Tree for: Ehrlich
20230512 com.sparta.mc.App INFO Added Employee Record in Binary Tree for: Healey
20230512 com.sparta.mc.App INFO Added Employee Record in Binary Tree for: Lassiter
20230512 com.sparta.mc.App INFO Added Employee Record in Binary Tree for: Guest
20230512 com.sparta.mc.App INFO Added Employee Record in Binary Tree for: Bey
20230512 com.sparta.mc.App INFO Added Employee Record in Binary Tree for: Carmack
20230512 com.sparta.mc.App INFO Added Employee Record in Binary Tree for: Lovelace
20230512 com.sparta.mc.App INFO Added Employee Record in Binary Tree for: Mckenzie
20230512 com.sparta.mc.App INFO Added Employee Record in Binary Tree for: Hammock
20230512 com.sparta.mc.App INFO Added Employee Record in Binary Tree for: Vickers
20230512 com.sparta.mc.App INFO Added Employee Record in Binary Tree for: Bewley
20230512 com.sparta.mc.App INFO Added Employee Record in Binary Tree for: Falk
20230512 com.sparta.mc.App INFO Added Employee Record in Binary Tree for: Shirey
20230512 com.sparta.mc.App INFO Added Employee Record in Binary Tree for: Nolin
20230512 com.sparta.mc.App INFO Added Employee Record in Binary Tree for: Marra
20230512 com.sparta.mc.App INFO Added Employee Record in Binary Tree for: Duggins
20230512 com.sparta.mc.App INFO Added Employee Record in Binary Tree for: Apodaca
20230512 com.sparta.mc.App INFO Added Employee Record in Binary Tree for: Buller
20230512 com.sparta.mc.App INFO Added Employee Record in Binary Tree for: Kyser
20230512 com.sparta.mc.App INFO Added Employee Record in Binary Tree for: Arriola
20230512 com.sparta.mc.App INFO Added Employee Record in Binary Tree for: Watson
20230512 com.sparta.mc.App INFO Added Employee Record in Binary Tree for: Mccarver
20230512 com.sparta.mc.App INFO Added Employee Record in Binary Tree for: Saul
20230512 com.sparta.mc.App INFO Added Employee Record in Binary Tree for: Reeve
20230512 com.sparta.mc.App INFO Added Employee Record in Binary Tree for: Avina
20230512 com.sparta.mc.App INFO Added Employee Record in Binary Tree for: Oates
20230512 com.sparta.mc.App INFO Added Employee Record in Binary Tree for: Ong
20230512 com.sparta.mc.App INFO Added Employee Record in Binary Tree for: Kilgore
20230512 com.sparta.mc.App INFO Added Employee Record in Binary Tree for: Barnum
20230512 com.sparta.mc.App INFO Added Employee Record in Binary Tree for: Eason
20230512 com.sparta.mc.App INFO Added Employee Record in Binary Tree for: Claypool
20230512 com.sparta.mc.App INFO Added Employee Record in Binary Tree for: Short
20230512 com.sparta.mc.App INFO Added Employee Record in Binary Tree for: Kautz
20230512 com.sparta.mc.App INFO Added Employee Record in Binary Tree for: Behr
20230512 com.sparta.mc.App INFO Added Employee Record in Binary Tree for: Deluca
20230512 com.sparta.mc.App INFO Added Employee Record in Binary Tree for: Veloz
20230512 com.sparta.mc.App INFO Added Employee Record in Binary Tree for: Friesen
20230512 com.sparta.mc.App INFO Added Employee Record in Binary Tree for: Giglio
20230512 com.sparta.mc.App INFO Added Employee Record in Binary Tree for: Swearingen
20230512 com.sparta.mc.App INFO Added Employee Record in Binary Tree for: Combs
20230512 com.sparta.mc.App INFO Added Employee Record in Binary Tree for: Fidler
20230512 com.sparta.mc.App INFO Added Employee Record in Binary Tree for: Chiles
20230512 com.sparta.mc.App INFO Added Employee Record in Binary Tree for: Barley
20230512 com.sparta.mc.App INFO Added Employee Record in Binary Tree for: Guerrero
20230512 com.sparta.mc.App INFO Added Employee Record in Binary Tree for: Grillo
20230512 com.sparta.mc.App INFO Added Employee Record in Binary Tree for: Mahler
20230512 com.sparta.mc.App INFO Added Employee Record in Binary Tree for: Destefano
20230512 com.sparta.mc.App INFO Added Employee Record in Binary Tree for: Atchley
20230512 com.sparta.mc.App INFO Added Employee Record in Binary Tree for: Crabtree
20230512 com.sparta.mc.App INFO Added Employee Record in Binary Tree for: Suttles
20230512 com.sparta.mc.App INFO Added Employee Record in Binary Tree for: Oubre
20230512 com.sparta.mc.App INFO Added Employee Record in Binary Tree for: Plumb
20230512 com.sparta.mc.App INFO Added Employee Record in Binary Tree for: Perron
20230512 com.sparta.mc.App INFO Added Employee Record in Binary Tree for: Feinberg
20230512 com.sparta.mc.App INFO Added Employee Record in Binary Tree for: Ives
20230512 com.sparta.mc.App INFO Added Employee Record in Binary Tree for: Owen
20230512 com.sparta.mc.App INFO Added Employee Record in Binary Tree for: Wolfgang
20230512 com.sparta.mc.App INFO Added Employee Record in Binary Tree for: Manners
20230512 com.sparta.mc.App INFO Added Employee Record in Binary Tree for: Coney
20230512 com.sparta.mc.App INFO Added Employee Record in Binary Tree for: Sly
20230512 com.sparta.mc.App INFO Added Employee Record in Binary Tree for: Krieger
20230512 com.sparta.mc.App INFO Added Employee Record in Binary Tree for: Young
20230512 com.sparta.mc.App INFO Added Employee Record in Binary Tree for: Meade
20230512 com.sparta.mc.App INFO Added Employee Record in Binary Tree for: Rocco
20230512 com.sparta.mc.App INFO Added Employee Record in Binary Tree for: Lavine
20230512 com.sparta.mc.App INFO Added Employee Record in Binary Tree for: Allen
20230512 com.sparta.mc.App INFO Added Employee Record in Binary Tree for: Pete
20230512 com.sparta.mc.App INFO Added Employee Record in Binary Tree for: Feeney
20230512 com.sparta.mc.App INFO Added Employee Record in Binary Tree for: Faria
20230512 com.sparta.mc.App INFO Added Employee Record in Binary Tree for: Hook
20230512 com.sparta.mc.App INFO Added Employee Record in Binary Tree for: Benton
20230512 com.sparta.mc.App INFO Added Employee Record in Binary Tree for: Kinsey
20230512 com.sparta.mc.App INFO Added Employee Record in Binary Tree for: Ransom
20230512 com.sparta.mc.App INFO Added Employee Record in Binary Tree for: Shackleford
20230512 com.sparta.mc.App INFO Added Employee Record in Binary Tree for: Whiteman
20230512 com.sparta.mc.App INFO Added Employee Record in Binary Tree for: Brumfield
20230512 com.sparta.mc.App INFO Added Employee Record in Binary Tree for: Hazard
20230512 com.sparta.mc.App INFO Added Employee Record in Binary Tree for: Haberman
20230512 com.sparta.mc.App INFO Added Employee Record in Binary Tree for: Kao
20230512 com.sparta.mc.App INFO Added Employee Record in Binary Tree for: Lillard
20230512 com.sparta.mc.App INFO Added Employee Record in Binary Tree for: Hardin
20230512 com.sparta.mc.App INFO Added Employee Record in Binary Tree for: Cowden
20230512 com.sparta.mc.App INFO Added Employee Record in Binary Tree for: Dobbins
20230512 com.sparta.mc.App INFO Added Employee Record in Binary Tree for: Milam
20230512 com.sparta.mc.App INFO Added Employee Record in Binary Tree for: Mcalpin
20230512 com.sparta.mc.App INFO Added Employee Record in Binary Tree for: Glisson
20230512 com.sparta.mc.App INFO Added Employee Record in Binary Tree for: Cao
20230512 com.sparta.mc.App INFO Added Employee Record in Binary Tree for: Sanmiguel
20230512 com.sparta.mc.App INFO Added Employee Record in Binary Tree for: Throckmorton
20230512 com.sparta.mc.App INFO Added Employee Record in Binary Tree for: Marchetti
20230512 com.sparta.mc.App INFO Added Employee Record in Binary Tree for: Lamm
20230512 com.sparta.mc.App INFO Added Employee Record in Binary Tree for: Polston
20230512 com.sparta.mc.App INFO Added Employee Record in Binary Tree for: Messick
20230512 com.sparta.mc.App INFO Added Employee Record in Binary Tree for: Harr
20230512 com.sparta.mc.App INFO Added Employee Record in Binary Tree for: Depriest
20230512 com.sparta.mc.App INFO Added Employee Record in Binary Tree for: Yanez
20230512 com.sparta.mc.App INFO Added Employee Record in Binary Tree for: Leonard
20230512 com.sparta.mc.App INFO Added Employee Record in Binary Tree for: Boswell
20230512 com.sparta.mc.App INFO Added Employee Record in Binary Tree for: Farrow
20230512 com.sparta.mc.App INFO Added Employee Record in Binary Tree for: Stanford
20230512 com.sparta.mc.App INFO Added Employee Record in Binary Tree for: Brister
20230512 com.sparta.mc.App INFO Added Employee Record in Binary Tree for: Fairbanks
20230512 com.sparta.mc.App INFO Added Employee Record in Binary Tree for: Mckown
20230512 com.sparta.mc.App INFO Added Employee Record in Binary Tree for: Villanueva
20230512 com.sparta.mc.App INFO Added Employee Record in Binary Tree for: Trawick
20230512 com.sparta.mc.App INFO Added Employee Record in Binary Tree for: Huie
20230512 com.sparta.mc.App INFO Added Employee Record in Binary Tree for: Healey
20230512 com.sparta.mc.App INFO Added Employee Record in Binary Tree for: Clack
20230512 com.sparta.mc.App INFO Added Employee Record in Binary Tree for: Mcmillin
20230512 com.sparta.mc.App INFO Added Employee Record in Binary Tree for: Horvath
20230512 com.sparta.mc.App INFO Added Employee Record in Binary Tree for: Lewallen
20230512 com.sparta.mc.App INFO Added Employee Record in Binary Tree for: Higley
20230512 com.sparta.mc.App INFO Added Employee Record in Binary Tree for: Marty
20230512 com.sparta.mc.App INFO Added Employee Record in Binary Tree for: Boyer
20230512 com.sparta.mc.App INFO Added Employee Record in Binary Tree for: Huynh
20230512 com.sparta.mc.App INFO Added Employee Record in Binary Tree for: Catalano
20230512 com.sparta.mc.App INFO Added Employee Record in Binary Tree for: Lu
20230512 com.sparta.mc.App INFO Added Employee Record in Binary Tree for: Dye
20230512 com.sparta.mc.App INFO Added Employee Record in Binary Tree for: Veach
20230512 com.sparta.mc.App INFO Added Employee Record in Binary Tree for: Buxton
20230512 com.sparta.mc.App INFO Added Employee Record in Binary Tree for: Davisson
20230512 com.sparta.mc.App INFO Added Employee Record in Binary Tree for: Rabon
20230512 com.sparta.mc.App INFO Added Employee Record in Binary Tree for: Vowell
20230512 com.sparta.mc.App INFO Added Employee Record in Binary Tree for: Easterling
20230512 com.sparta.mc.App INFO Added Employee Record in Binary Tree for: Blades
20230512 com.sparta.mc.App INFO Added Employee Record in Binary Tree for: Roseboro
20230512 com.sparta.mc.App INFO Added Employee Record in Binary Tree for: Regalado
20230512 com.sparta.mc.App INFO Added Employee Record in Binary Tree for: Calvert
20230512 com.sparta.mc.App INFO Added Employee Record in Binary Tree for: Keiser
20230512 com.sparta.mc.App INFO Added Employee Record in Binary Tree for: Caston
20230512 com.sparta.mc.App INFO Added Employee Record in Binary Tree for: Tremblay
20230512 com.sparta.mc.App INFO Added Employee Record in Binary Tree for: Haywood
20230512 com.sparta.mc.App INFO Added Employee Record in Binary Tree for: Albrecht
20230512 com.sparta.mc.App INFO Added Employee Record in Binary Tree for: Haun
20230512 com.sparta.mc.App INFO Added Employee Record in Binary Tree for: Karnes
20230512 com.sparta.mc.App INFO Added Employee Record in Binary Tree for: Lemmons
20230512 com.sparta.mc.App INFO Added Employee Record in Binary Tree for: Mccubbin
20230512 com.sparta.mc.App INFO Added Employee Record in Binary Tree for: Hollowell
20230512 com.sparta.mc.App INFO Added Employee Record in Binary Tree for: Bravo
20230512 com.sparta.mc.App INFO Added Employee Record in Binary Tree for: Twomey
20230512 com.sparta.mc.App INFO Added Employee Record in Binary Tree for: Augustin
20230512 com.sparta.mc.App INFO Added Employee Record in Binary Tree for: Cathey
20230512 com.sparta.mc.App INFO Added Employee Record in Binary Tree for: Lerma
20230512 com.sparta.mc.App INFO Added Employee Record in Binary Tree for: Maes
20230512 com.sparta.mc.App INFO Added Employee Record in Binary Tree for: Dugger
20230512 com.sparta.mc.App INFO Added Employee Record in Binary Tree for: Krawczyk
20230512 com.sparta.mc.App INFO Added Employee Record in Binary Tree for: Casto
20230512 com.sparta.mc.App INFO Added Employee Record in Binary Tree for: Nurse
20230512 com.sparta.mc.App INFO Added Employee Record in Binary Tree for: Fendley
20230512 com.sparta.mc.App INFO Added Employee Record in Binary Tree for: Armistead
20230512 com.sparta.mc.App INFO Added Employee Record in Binary Tree for: Wold
20230512 com.sparta.mc.App INFO Added Employee Record in Binary Tree for: Millsap
20230512 com.sparta.mc.App INFO Added Employee Record in Binary Tree for: Jeffcoat
20230512 com.sparta.mc.App INFO Added Employee Record in Binary Tree for: Garvey
20230512 com.sparta.mc.App INFO Added Employee Record in Binary Tree for: Matsumoto
20230512 com.sparta.mc.App INFO Added Employee Record in Binary Tree for: Bueno
20230512 com.sparta.mc.App INFO Added Employee Record in Binary Tree for: Browder
20230512 com.sparta.mc.App INFO Added Employee Record in Binary Tree for: Pollard
20230512 com.sparta.mc.App INFO Added Employee Record in Binary Tree for: Lay
20230512 com.sparta.mc.App INFO Added Employee Record in Binary Tree for: Kimbrough
20230512 com.sparta.mc.App INFO Added Employee Record in Binary Tree for: Buford
20230512 com.sparta.mc.App INFO Added Employee Record in Binary Tree for: Ortega
20230512 com.sparta.mc.App INFO Added Employee Record in Binary Tree for: Sargeant
20230512 com.sparta.mc.App INFO Added Employee Record in Binary Tree for: Tague
20230512 com.sparta.mc.App INFO Added Employee Record in Binary Tree for: Hairston
20230512 com.sparta.mc.App INFO Added Employee Record in Binary Tree for: Dewar
20230512 com.sparta.mc.App INFO Added Employee Record in Binary Tree for: Hudspeth
20230512 com.sparta.mc.App INFO Added Employee Record in Binary Tree for: Damron
20230512 com.sparta.mc.App INFO Added Employee Record in Binary Tree for: Burrow
20230512 com.sparta.mc.App INFO Added Employee Record in Binary Tree for: Styles
20230512 com.sparta.mc.App INFO Added Employee Record in Binary Tree for: Natal
20230512 com.sparta.mc.App INFO Added Employee Record in Binary Tree for: Fredrickson
20230512 com.sparta.mc.App INFO Added Employee Record in Binary Tree for: Hoppe
20230512 com.sparta.mc.App INFO Added Employee Record in Binary Tree for: Kirkpatrick
20230512 com.sparta.mc.App INFO Added Employee Record in Binary Tree for: Mcgee
20230512 com.sparta.mc.App INFO Added Employee Record in Binary Tree for: Avant
20230512 com.sparta.mc.App INFO Added Employee Record in Binary Tree for: Brito
20230512 com.sparta.mc.App INFO Added Employee Record in Binary Tree for: Arnett
20230512 com.sparta.mc.App INFO Added Employee Record in Binary Tree for: Ford
20230512 com.sparta.mc.App INFO Added Employee Record in Binary Tree for: Eastwood
20230512 com.sparta.mc.App INFO Added Employee Record in Binary Tree for: Glasser
20230512 com.sparta.mc.App INFO Added Employee Record in Binary Tree for: Harr
20230512 com.sparta.mc.App INFO Added Employee Record in Binary Tree for: Fortune
20230512 com.sparta.mc.App INFO Added Employee Record in Binary Tree for: Saavedra
20230512 com.sparta.mc.App INFO Added Employee Record in Binary Tree for: Duval
20230512 com.sparta.mc.App INFO Added Employee Record in Binary Tree for: Sanches
20230512 com.sparta.mc.App INFO Added Employee Record in Binary Tree for: Wyckoff
20230512 com.sparta.mc.App INFO Added Employee Record in Binary Tree for: Havens
20230512 com.sparta.mc.App INFO Added Employee Record in Binary Tree for: Capuano
20230512 com.sparta.mc.App INFO Added Employee Record in Binary Tree for: Rojas
20230512 com.sparta.mc.App INFO Added Employee Record in Binary Tree for: Baucom
20230512 com.sparta.mc.App INFO Added Employee Record in Binary Tree for: Zellers
20230512 com.sparta.mc.App INFO Added Employee Record in Binary Tree for: Duggan
20230512 com.sparta.mc.App INFO Added Employee Record in Binary Tree for: Henkel
20230512 com.sparta.mc.App INFO Added Employee Record in Binary Tree for: Looper
20230512 com.sparta.mc.App INFO Added Employee Record in Binary Tree for: Anderson
20230512 com.sparta.mc.App INFO Added Employee Record in Binary Tree for: Nardi
20230512 com.sparta.mc.App INFO Added Employee Record in Binary Tree for: Rancourt
20230512 com.sparta.mc.App INFO Added Employee Record in Binary Tree for: Nester
20230512 com.sparta.mc.App INFO Added Employee Record in Binary Tree for: Morley
20230512 com.sparta.mc.App INFO Added Employee Record in Binary Tree for: Glenn
20230512 com.sparta.mc.App INFO Added Employee Record in Binary Tree for: Thacker
20230512 com.sparta.mc.App INFO Added Employee Record in Binary Tree for: Bagby
20230512 com.sparta.mc.App INFO Added Employee Record in Binary Tree for: Madewell
20230512 com.sparta.mc.App INFO Added Employee Record in Binary Tree for: Oxford
20230512 com.sparta.mc.App INFO Added Employee Record in Binary Tree for: Bakken
20230512 com.sparta.mc.App INFO Added Employee Record in Binary Tree for: Bay
20230512 com.sparta.mc.App INFO Added Employee Record in Binary Tree for: Manuel
20230512 com.sparta.mc.App INFO Added Employee Record in Binary Tree for: Dunlop
20230512 com.sparta.mc.App INFO Added Employee Record in Binary Tree for: Myhre
20230512 com.sparta.mc.App INFO Added Employee Record in Binary Tree for: Julius
20230512 com.sparta.mc.App INFO Added Employee Record in Binary Tree for: Kerrigan
20230512 com.sparta.mc.App INFO Added Employee Record in Binary Tree for: Stump
20230512 com.sparta.mc.App INFO Added Employee Record in Binary Tree for: Christenson
20230512 com.sparta.mc.App INFO Added Employee Record in Binary Tree for: Roark
20230512 com.sparta.mc.App INFO Added Employee Record in Binary Tree for: Timberlake
20230512 com.sparta.mc.App INFO Added Employee Record in Binary Tree for: Mattison
20230512 com.sparta.mc.App INFO Added Employee Record in Binary Tree for: Westbrook
20230512 com.sparta.mc.App INFO Added Employee Record in Binary Tree for: Baggett
20230512 com.sparta.mc.App INFO Added Employee Record in Binary Tree for: Hearn
20230512 com.sparta.mc.App INFO Added Employee Record in Binary Tree for: Kidder
20230512 com.sparta.mc.App INFO Added Employee Record in Binary Tree for: Collazo
20230512 com.sparta.mc.App INFO Added Employee Record in Binary Tree for: Cottrell
20230512 com.sparta.mc.App INFO Added Employee Record in Binary Tree for: Polite
20230512 com.sparta.mc.App INFO Added Employee Record in Binary Tree for: Nottingham
20230512 com.sparta.mc.App INFO Added Employee Record in Binary Tree for: Cortes
20230512 com.sparta.mc.App INFO Added Employee Record in Binary Tree for: Blakeslee
20230512 com.sparta.mc.App INFO Added Employee Record in Binary Tree for: Jason
20230512 com.sparta.mc.App INFO Added Employee Record in Binary Tree for: Tsai
20230512 com.sparta.mc.App INFO Added Employee Record in Binary Tree for: Villanueva
20230512 com.sparta.mc.App INFO Added Employee Record in Binary Tree for: Witcher
20230512 com.sparta.mc.App INFO Added Employee Record in Binary Tree for: Albaugh
20230512 com.sparta.mc.App INFO Added Employee Record in Binary Tree for: Schneider
20230512 com.sparta.mc.App INFO Added Employee Record in Binary Tree for: Osborn
20230512 com.sparta.mc.App INFO Added Employee Record in Binary Tree for: Higgins
20230512 com.sparta.mc.App INFO Added Employee Record in Binary Tree for: Mckibben
20230512 com.sparta.mc.App INFO Added Employee Record in Binary Tree for: Seiler
20230512 com.sparta.mc.App INFO Added Employee Record in Binary Tree for: Cromer
20230512 com.sparta.mc.App INFO Added Employee Record in Binary Tree for: Hutchings
20230512 com.sparta.mc.App INFO Added Employee Record in Binary Tree for: Hazzard
20230512 com.sparta.mc.App INFO Added Employee Record in Binary Tree for: Lyle
20230512 com.sparta.mc.App INFO Added Employee Record in Binary Tree for: Hartsell
20230512 com.sparta.mc.App INFO Added Employee Record in Binary Tree for: Morello
20230512 com.sparta.mc.App INFO Added Employee Record in Binary Tree for: Mccaleb
20230512 com.sparta.mc.App INFO Added Employee Record in Binary Tree for: Vanhorn
20230512 com.sparta.mc.App INFO Added Employee Record in Binary Tree for: Logan
20230512 com.sparta.mc.App INFO Added Employee Record in Binary Tree for: Rollo
20230512 com.sparta.mc.App INFO Added Employee Record in Binary Tree for: Neal
20230512 com.sparta.mc.App INFO Added Employee Record in Binary Tree for: Sartain
20230512 com.sparta.mc.App INFO Added Employee Record in Binary Tree for: Chipman
20230512 com.sparta.mc.App INFO Added Employee Record in Binary Tree for: Knowlton
20230512 com.sparta.mc.App INFO Added Employee Record in Binary Tree for: Sudduth
20230512 com.sparta.mc.App INFO Added Employee Record in Binary Tree for: Mckie
20230512 com.sparta.mc.App INFO Added Employee Record in Binary Tree for: Trudeau
20230512 com.sparta.mc.App INFO Added Employee Record in Binary Tree for: Schaeffer
20230512 com.sparta.mc.App INFO Added Employee Record in Binary Tree for: Valliere
20230512 com.sparta.mc.App INFO Added Employee Record in Binary Tree for: Culp
20230512 com.sparta.mc.App INFO Added Employee Record in Binary Tree for: Keefer
20230512 com.sparta.mc.App INFO Added Employee Record in Binary Tree for: Tamayo
20230512 com.sparta.mc.App INFO Added Employee Record in Binary Tree for: Murry
20230512 com.sparta.mc.App INFO Added Employee Record in Binary Tree for: Horsley
20230512 com.sparta.mc.App INFO Added Employee Record in Binary Tree for: Augustine
20230512 com.sparta.mc.App INFO Added Employee Record in Binary Tree for: Vigil
20230512 com.sparta.mc.App INFO Added Employee Record in Binary Tree for: Sistrunk
20230512 com.sparta.mc.App INFO Added Employee Record in Binary Tree for: Tavarez
20230512 com.sparta.mc.App INFO Added Employee Record in Binary Tree for: Eckman
20230512 com.sparta.mc.App INFO Added Employee Record in Binary Tree for: Burks
20230512 com.sparta.mc.App INFO Added Employee Record in Binary Tree for: Pfeifer
20230512 com.sparta.mc.App INFO Added Employee Record in Binary Tree for: Lujan
20230512 com.sparta.mc.App INFO Added Employee Record in Binary Tree for: Cate
20230512 com.sparta.mc.App INFO Added Employee Record in Binary Tree for: Shorts
20230512 com.sparta.mc.App INFO Added Employee Record in Binary Tree for: Weis
20230512 com.sparta.mc.App INFO Added Employee Record in Binary Tree for: Magana
20230512 com.sparta.mc.App INFO Added Employee Record in Binary Tree for: Malcolm
20230512 com.sparta.mc.App INFO Added Employee Record in Binary Tree for: Carruthers
20230512 com.sparta.mc.App INFO Added Employee Record in Binary Tree for: Graham
20230512 com.sparta.mc.App INFO Added Employee Record in Binary Tree for: Lofton
20230512 com.sparta.mc.App INFO Added Employee Record in Binary Tree for: Avelar
20230512 com.sparta.mc.App INFO Added Employee Record in Binary Tree for: Sands
20230512 com.sparta.mc.App INFO Added Employee Record in Binary Tree for: Roper
20230512 com.sparta.mc.App INFO Added Employee Record in Binary Tree for: Sosa
20230512 com.sparta.mc.App INFO Added Employee Record in Binary Tree for: Camarillo
20230512 com.sparta.mc.App INFO Added Employee Record in Binary Tree for: Doody
20230512 com.sparta.mc.App INFO Added Employee Record in Binary Tree for: Hiatt
20230512 com.sparta.mc.App INFO Added Employee Record in Binary Tree for: Weitzel
20230512 com.sparta.mc.App INFO Added Employee Record in Binary Tree for: Needham
20230512 com.sparta.mc.App INFO Added Employee Record in Binary Tree for: Mcfall
20230512 com.sparta.mc.App INFO Added Employee Record in Binary Tree for: Booth
20230512 com.sparta.mc.App INFO Added Employee Record in Binary Tree for: Graves
20230512 com.sparta.mc.App INFO Added Employee Record in Binary Tree for: Twomey
20230512 com.sparta.mc.App INFO Added Employee Record in Binary Tree for: Whitfield
20230512 com.sparta.mc.App INFO Added Employee Record in Binary Tree for: Fenske
20230512 com.sparta.mc.App INFO Added Employee Record in Binary Tree for: Sands
20230512 com.sparta.mc.App INFO Added Employee Record in Binary Tree for: Cosentino
20230512 com.sparta.mc.App INFO Added Employee Record in Binary Tree for: Tutt
20230512 com.sparta.mc.App INFO Added Employee Record in Binary Tree for: Soliz
20230512 com.sparta.mc.App INFO Added Employee Record in Binary Tree for: Beverly
20230512 com.sparta.mc.App INFO Added Employee Record in Binary Tree for: Petrillo
20230512 com.sparta.mc.App INFO Added Employee Record in Binary Tree for: Ginsberg
20230512 com.sparta.mc.App INFO Added Employee Record in Binary Tree for: Murray
20230512 com.sparta.mc.App INFO Added Employee Record in Binary Tree for: Schultz
20230512 com.sparta.mc.App INFO Added Employee Record in Binary Tree for: Broadwater
20230512 com.sparta.mc.App INFO Added Employee Record in Binary Tree for: Tinker
20230512 com.sparta.mc.App INFO Added Employee Record in Binary Tree for: Neel
20230512 com.sparta.mc.App INFO Added Employee Record in Binary Tree for: Reece
20230512 com.sparta.mc.App INFO Added Employee Record in Binary Tree for: Galvin
20230512 com.sparta.mc.App INFO Added Employee Record in Binary Tree for: Garvin
20230512 com.sparta.mc.App INFO Added Employee Record in Binary Tree for: Talley
20230512 com.sparta.mc.App INFO Added Employee Record in Binary Tree for: Thurmond
20230512 com.sparta.mc.App INFO Added Employee Record in Binary Tree for: Hedges
20230512 com.sparta.mc.App INFO Added Employee Record in Binary Tree for: Rodas
20230512 com.sparta.mc.App INFO Added Employee Record in Binary Tree for: Buzzard
20230512 com.sparta.mc.App INFO Added Employee Record in Binary Tree for: Vanscoy
20230512 com.sparta.mc.App INFO Added Employee Record in Binary Tree for: Sandusky
20230512 com.sparta.mc.App INFO Added Employee Record in Binary Tree for: Cervantez
20230512 com.sparta.mc.App INFO Added Employee Record in Binary Tree for: Pulliam
20230512 com.sparta.mc.App INFO Added Employee Record in Binary Tree for: Tillett
20230512 com.sparta.mc.App INFO Added Employee Record in Binary Tree for: Lafontaine
20230512 com.sparta.mc.App INFO Added Employee Record in Binary Tree for: Payne
20230512 com.sparta.mc.App INFO Added Employee Record in Binary Tree for: Lanning
20230512 com.sparta.mc.App INFO Added Employee Record in Binary Tree for: Tavarez
20230512 com.sparta.mc.App INFO Added Employee Record in Binary Tree for: Fitzpatrick
20230512 com.sparta.mc.App INFO Added Employee Record in Binary Tree for: Terwilliger
20230512 com.sparta.mc.App INFO Added Employee Record in Binary Tree for: Mckinney
20230512 com.sparta.mc.App INFO Added Employee Record in Binary Tree for: Hagerman
20230512 com.sparta.mc.App INFO Added Employee Record in Binary Tree for: Kimsey
20230512 com.sparta.mc.App INFO Added Employee Record in Binary Tree for: Wynn
20230512 com.sparta.mc.App INFO Added Employee Record in Binary Tree for: Biles
20230512 com.sparta.mc.App INFO Added Employee Record in Binary Tree for: Bostick
20230512 com.sparta.mc.App INFO Added Employee Record in Binary Tree for: Flanagan
20230512 com.sparta.mc.App INFO Added Employee Record in Binary Tree for: Wiggins
20230512 com.sparta.mc.App INFO Added Employee Record in Binary Tree for: Fahey
20230512 com.sparta.mc.App INFO Added Employee Record in Binary Tree for: Eckenrode
20230512 com.sparta.mc.App INFO Added Employee Record in Binary Tree for: Stamey
20230512 com.sparta.mc.App INFO Added Employee Record in Binary Tree for: Acosta
20230512 com.sparta.mc.App INFO Added Employee Record in Binary Tree for: Foss
20230512 com.sparta.mc.App INFO Added Employee Record in Binary Tree for: Hibbler
20230512 com.sparta.mc.App INFO Added Employee Record in Binary Tree for: Mundell
20230512 com.sparta.mc.App INFO Added Employee Record in Binary Tree for: Bricker
20230512 com.sparta.mc.App INFO Added Employee Record in Binary Tree for: Arguello
20230512 com.sparta.mc.App INFO Added Employee Record in Binary Tree for: Quirk
20230512 com.sparta.mc.App INFO Added Employee Record in Binary Tree for: Howell
20230512 com.sparta.mc.App INFO Added Employee Record in Binary Tree for: Crisp
20230512 com.sparta.mc.App INFO Added Employee Record in Binary Tree for: Mcmanus
20230512 com.sparta.mc.App INFO Added Employee Record in Binary Tree for: Haigh
20230512 com.sparta.mc.App INFO Added Employee Record in Binary Tree for: Talbert
20230512 com.sparta.mc.App INFO Added Employee Record in Binary Tree for: Chau
20230512 com.sparta.mc.App INFO Added Employee Record in Binary Tree for: Bourne
20230512 com.sparta.mc.App INFO Added Employee Record in Binary Tree for: Matthew
20230512 com.sparta.mc.App INFO Added Employee Record in Binary Tree for: Beaman
20230512 com.sparta.mc.App INFO Added Employee Record in Binary Tree for: Tolle
20230512 com.sparta.mc.App INFO Added Employee Record in Binary Tree for: Mclaurin
20230512 com.sparta.mc.App INFO Added Employee Record in Binary Tree for: Dabbs
20230512 com.sparta.mc.App INFO Added Employee Record in Binary Tree for: Elliott
20230512 com.sparta.mc.App INFO Added Employee Record in Binary Tree for: Ozuna
20230512 com.sparta.mc.App INFO Added Employee Record in Binary Tree for: Priddy
20230512 com.sparta.mc.App INFO Added Employee Record in Binary Tree for: Harman
20230512 com.sparta.mc.App INFO Added Employee Record in Binary Tree for: Louque
20230512 com.sparta.mc.App INFO Added Employee Record in Binary Tree for: Bill
20230512 com.sparta.mc.App INFO Added Employee Record in Binary Tree for: Gosnell
20230512 com.sparta.mc.App INFO Added Employee Record in Binary Tree for: Danielson
20230512 com.sparta.mc.App INFO Added Employee Record in Binary Tree for: Land
20230512 com.sparta.mc.App INFO Added Employee Record in Binary Tree for: Rugg
20230512 com.sparta.mc.App INFO Added Employee Record in Binary Tree for: Hogg
20230512 com.sparta.mc.App INFO Added Employee Record in Binary Tree for: Pipes
20230512 com.sparta.mc.App INFO Added Employee Record in Binary Tree for: Pyatt
20230512 com.sparta.mc.App INFO Added Employee Record in Binary Tree for: Mcmahan
20230512 com.sparta.mc.App INFO Added Employee Record in Binary Tree for: Whetstone
20230512 com.sparta.mc.App INFO Added Employee Record in Binary Tree for: Spann
20230512 com.sparta.mc.App INFO Added Employee Record in Binary Tree for: Healy
20230512 com.sparta.mc.App INFO Added Employee Record in Binary Tree for: Holmgren
20230512 com.sparta.mc.App INFO Added Employee Record in Binary Tree for: Damon
20230512 com.sparta.mc.App INFO Added Employee Record in Binary Tree for: Butters
20230512 com.sparta.mc.App INFO Added Employee Record in Binary Tree for: Roseberry
20230512 com.sparta.mc.App INFO Added Employee Record in Binary Tree for: Heise
20230512 com.sparta.mc.App INFO Added Employee Record in Binary Tree for: Fielding
20230512 com.sparta.mc.App INFO Added Employee Record in Binary Tree for: Majewski
20230512 com.sparta.mc.App INFO Added Employee Record in Binary Tree for: Steed
20230512 com.sparta.mc.App INFO Added Employee Record in Binary Tree for: Mckinley
20230512 com.sparta.mc.App INFO Added Employee Record in Binary Tree for: Natal
20230512 com.sparta.mc.App INFO Added Employee Record in Binary Tree for: Regan
20230512 com.sparta.mc.App INFO Added Employee Record in Binary Tree for: Ison
20230512 com.sparta.mc.App INFO Added Employee Record in Binary Tree for: Yost
20230512 com.sparta.mc.App INFO Added Employee Record in Binary Tree for: Breed
20230512 com.sparta.mc.App INFO Added Employee Record in Binary Tree for: Oloughlin
20230512 com.sparta.mc.App INFO Added Employee Record in Binary Tree for: Dittmer
20230512 com.sparta.mc.App INFO Added Employee Record in Binary Tree for: Sussman
20230512 com.sparta.mc.App INFO Added Employee Record in Binary Tree for: Whittemore
20230512 com.sparta.mc.App INFO Added Employee Record in Binary Tree for: Dombrowski
20230512 com.sparta.mc.App INFO Added Employee Record in Binary Tree for: Gallup
20230512 com.sparta.mc.App INFO Added Employee Record in Binary Tree for: Ulloa
20230512 com.sparta.mc.App INFO Added Employee Record in Binary Tree for: Koller
20230512 com.sparta.mc.App INFO Added Employee Record in Binary Tree for: Ballou
20230512 com.sparta.mc.App INFO Added Employee Record in Binary Tree for: Spitler
20230512 com.sparta.mc.App INFO Added Employee Record in Binary Tree for: Tu
20230512 com.sparta.mc.App INFO Added Employee Record in Binary Tree for: Wimbush
20230512 com.sparta.mc.App INFO Added Employee Record in Binary Tree for: Ruch
20230512 com.sparta.mc.App INFO Added Employee Record in Binary Tree for: Fischer
20230512 com.sparta.mc.App INFO Added Employee Record in Binary Tree for: Paddock
20230512 com.sparta.mc.App INFO Added Employee Record in Binary Tree for: Millican
20230512 com.sparta.mc.App INFO Added Employee Record in Binary Tree for: Newport
20230512 com.sparta.mc.App INFO Added Employee Record in Binary Tree for: Darr
20230512 com.sparta.mc.App INFO Added Employee Record in Binary Tree for: Duvall
20230512 com.sparta.mc.App INFO Added Employee Record in Binary Tree for: Ely
20230512 com.sparta.mc.App INFO Added Employee Record in Binary Tree for: Franz
20230512 com.sparta.mc.App INFO Added Employee Record in Binary Tree for: Inman
20230512 com.sparta.mc.App INFO Added Employee Record in Binary Tree for: Roos
20230512 com.sparta.mc.App INFO Added Employee Record in Binary Tree for: Mead
20230512 com.sparta.mc.App INFO Added Employee Record in Binary Tree for: Galloway
20230512 com.sparta.mc.App INFO Added Employee Record in Binary Tree for: Mcneese
20230512 com.sparta.mc.App INFO Added Employee Record in Binary Tree for: Nelson
20230512 com.sparta.mc.App INFO Added Employee Record in Binary Tree for: Diaz
20230512 com.sparta.mc.App INFO Added Employee Record in Binary Tree for: Lipscomb
20230512 com.sparta.mc.App INFO Added Employee Record in Binary Tree for: Chisholm
20230512 com.sparta.mc.App INFO Added Employee Record in Binary Tree for: Dew
20230512 com.sparta.mc.App INFO Added Employee Record in Binary Tree for: Elbert
20230512 com.sparta.mc.App INFO Added Employee Record in Binary Tree for: Ragland
20230512 com.sparta.mc.App INFO Added Employee Record in Binary Tree for: Palmore
20230512 com.sparta.mc.App INFO Added Employee Record in Binary Tree for: Coan
20230512 com.sparta.mc.App INFO Added Employee Record in Binary Tree for: Threatt
20230512 com.sparta.mc.App INFO Added Employee Record in Binary Tree for: Tedford
20230512 com.sparta.mc.App INFO Added Employee Record in Binary Tree for: Mckibben
20230512 com.sparta.mc.App INFO Added Employee Record in Binary Tree for: Meekins
20230512 com.sparta.mc.App INFO Added Employee Record in Binary Tree for: Stamps
20230512 com.sparta.mc.App INFO Added Employee Record in Binary Tree for: Terwilliger
20230512 com.sparta.mc.App INFO Added Employee Record in Binary Tree for: Wang
20230512 com.sparta.mc.App INFO Added Employee Record in Binary Tree for: Theriot
20230512 com.sparta.mc.App INFO Added Employee Record in Binary Tree for: Jason
20230512 com.sparta.mc.App INFO Added Employee Record in Binary Tree for: Lam
20230512 com.sparta.mc.App INFO Added Employee Record in Binary Tree for: Byron
20230512 com.sparta.mc.App INFO Added Employee Record in Binary Tree for: Aho
20230512 com.sparta.mc.App INFO Added Employee Record in Binary Tree for: Benjamin
20230512 com.sparta.mc.App INFO Added Employee Record in Binary Tree for: Burd
20230512 com.sparta.mc.App INFO Added Employee Record in Binary Tree for: Amaral
20230512 com.sparta.mc.App INFO Added Employee Record in Binary Tree for: Soper
20230512 com.sparta.mc.App INFO Added Employee Record in Binary Tree for: Thach
20230512 com.sparta.mc.App INFO Added Employee Record in Binary Tree for: Nimmons
20230512 com.sparta.mc.App INFO Added Employee Record in Binary Tree for: Koster
20230512 com.sparta.mc.App INFO Added Employee Record in Binary Tree for: Poole
20230512 com.sparta.mc.App INFO Added Employee Record in Binary Tree for: Federico
20230512 com.sparta.mc.App INFO Added Employee Record in Binary Tree for: Pool
20230512 com.sparta.mc.App INFO Added Employee Record in Binary Tree for: Batts
20230512 com.sparta.mc.App INFO Added Employee Record in Binary Tree for: Collinsworth
20230512 com.sparta.mc.App INFO Added Employee Record in Binary Tree for: Zapata
20230512 com.sparta.mc.App INFO Added Employee Record in Binary Tree for: Sheehan
20230512 com.sparta.mc.App INFO Added Employee Record in Binary Tree for: Flanigan
20230512 com.sparta.mc.App INFO Added Employee Record in Binary Tree for: Whaley
20230512 com.sparta.mc.App INFO Added Employee Record in Binary Tree for: Monahan
20230512 com.sparta.mc.App INFO Added Employee Record in Binary Tree for: Luu
20230512 com.sparta.mc.App INFO Added Employee Record in Binary Tree for: Asuncion
20230512 com.sparta.mc.App INFO Added Employee Record in Binary Tree for: Tittle
20230512 com.sparta.mc.App INFO Added Employee Record in Binary Tree for: Wilhelm
20230512 com.sparta.mc.App INFO Added Employee Record in Binary Tree for: Hamby
20230512 com.sparta.mc.App INFO Added Employee Record in Binary Tree for: Robison
20230512 com.sparta.mc.App INFO Added Employee Record in Binary Tree for: Pare
20230512 com.sparta.mc.App INFO Added Employee Record in Binary Tree for: Free
20230512 com.sparta.mc.App INFO Added Employee Record in Binary Tree for: Cordes
20230512 com.sparta.mc.App INFO Added Employee Record in Binary Tree for: Henson
20230512 com.sparta.mc.App INFO Added Employee Record in Binary Tree for: Tinney
20230512 com.sparta.mc.App INFO Added Employee Record in Binary Tree for: Burroughs
20230512 com.sparta.mc.App INFO Added Employee Record in Binary Tree for: Gile
20230512 com.sparta.mc.App INFO Added Employee Record in Binary Tree for: Chapman
20230512 com.sparta.mc.App INFO Added Employee Record in Binary Tree for: Victoria
20230512 com.sparta.mc.App INFO Added Employee Record in Binary Tree for: Plumb
20230512 com.sparta.mc.App INFO Added Employee Record in Binary Tree for: Peach
20230512 com.sparta.mc.App INFO Added Employee Record in Binary Tree for: Carnahan
20230512 com.sparta.mc.App INFO Added Employee Record in Binary Tree for: Stockdale
20230512 com.sparta.mc.App INFO Added Employee Record in Binary Tree for: Jaffe
20230512 com.sparta.mc.App INFO Added Employee Record in Binary Tree for: Hua
20230512 com.sparta.mc.App INFO Added Employee Record in Binary Tree for: Skeens
20230512 com.sparta.mc.App INFO Added Employee Record in Binary Tree for: Campo
20230512 com.sparta.mc.App INFO Added Employee Record in Binary Tree for: Eskridge
20230512 com.sparta.mc.App INFO Added Employee Record in Binary Tree for: Hoard
20230512 com.sparta.mc.App INFO Added Employee Record in Binary Tree for: Inman
20230512 com.sparta.mc.App INFO Added Employee Record in Binary Tree for: Woodley
20230512 com.sparta.mc.App INFO Added Employee Record in Binary Tree for: Duenas
20230512 com.sparta.mc.App INFO Added Employee Record in Binary Tree for: Lizarraga
20230512 com.sparta.mc.App INFO Added Employee Record in Binary Tree for: Lasley
20230512 com.sparta.mc.App INFO Added Employee Record in Binary Tree for: Rosado
20230512 com.sparta.mc.App INFO Added Employee Record in Binary Tree for: Adair
20230512 com.sparta.mc.App INFO Added Employee Record in Binary Tree for: Bouldin
20230512 com.sparta.mc.App INFO Added Employee Record in Binary Tree for: Mangrum
20230512 com.sparta.mc.App INFO Added Employee Record in Binary Tree for: Tinker
20230512 com.sparta.mc.App INFO Added Employee Record in Binary Tree for: Hogue
20230512 com.sparta.mc.App INFO Added Employee Record in Binary Tree for: Mello
20230512 com.sparta.mc.App INFO Added Employee Record in Binary Tree for: Kowalski
20230512 com.sparta.mc.App INFO Added Employee Record in Binary Tree for: Leister
20230512 com.sparta.mc.App INFO Added Employee Record in Binary Tree for: Eggert
20230512 com.sparta.mc.App INFO Added Employee Record in Binary Tree for: Mccleary
20230512 com.sparta.mc.App INFO Added Employee Record in Binary Tree for: Roberge
20230512 com.sparta.mc.App INFO Added Employee Record in Binary Tree for: Lemley
20230512 com.sparta.mc.App INFO Added Employee Record in Binary Tree for: Sitton
20230512 com.sparta.mc.App INFO Added Employee Record in Binary Tree for: Stiffler
20230512 com.sparta.mc.App INFO Added Employee Record in Binary Tree for: Alcantara
20230512 com.sparta.mc.App INFO Added Employee Record in Binary Tree for: Bush
20230512 com.sparta.mc.App INFO Added Employee Record in Binary Tree for: Wetmore
20230512 com.sparta.mc.App INFO Added Employee Record in Binary Tree for: Pettit
20230512 com.sparta.mc.App INFO Added Employee Record in Binary Tree for: Emrich
20230512 com.sparta.mc.App INFO Added Employee Record in Binary Tree for: Rosenberry
20230512 com.sparta.mc.App INFO Added Employee Record in Binary Tree for: Dana
20230512 com.sparta.mc.App INFO Added Employee Record in Binary Tree for: Barrick
20230512 com.sparta.mc.App INFO Added Employee Record in Binary Tree for: Romano
20230512 com.sparta.mc.App INFO Added Employee Record in Binary Tree for: Su
20230512 com.sparta.mc.App INFO Added Employee Record in Binary Tree for: Ballinger
20230512 com.sparta.mc.App INFO Added Employee Record in Binary Tree for: Hollenbeck
20230512 com.sparta.mc.App INFO Added Employee Record in Binary Tree for: Painter
20230512 com.sparta.mc.App INFO Added Employee Record in Binary Tree for: Dark
20230512 com.sparta.mc.App INFO Added Employee Record in Binary Tree for: Sallee
20230512 com.sparta.mc.App INFO Added Employee Record in Binary Tree for: Gowan
20230512 com.sparta.mc.App INFO Added Employee Record in Binary Tree for: Sargent
20230512 com.sparta.mc.App INFO Added Employee Record in Binary Tree for: Harvey
20230512 com.sparta.mc.App INFO Added Employee Record in Binary Tree for: Lafleur
20230512 com.sparta.mc.App INFO Added Employee Record in Binary Tree for: Wooldridge
20230512 com.sparta.mc.App INFO Added Employee Record in Binary Tree for: Mcdaniels
20230512 com.sparta.mc.App INFO Added Employee Record in Binary Tree for: Welton
20230512 com.sparta.mc.App INFO Added Employee Record in Binary Tree for: Simoneaux
20230512 com.sparta.mc.App INFO Added Employee Record in Binary Tree for: Rumph
20230512 com.sparta.mc.App INFO Added Employee Record in Binary Tree for: Mayers
20230512 com.sparta.mc.App INFO Added Employee Record in Binary Tree for: Seltzer
20230512 com.sparta.mc.App INFO Added Employee Record in Binary Tree for: Muse
20230512 com.sparta.mc.App INFO Added Employee Record in Binary Tree for: Mccollum
20230512 com.sparta.mc.App INFO Added Employee Record in Binary Tree for: Mcvay
20230512 com.sparta.mc.App INFO Added Employee Record in Binary Tree for: Jaquez
20230512 com.sparta.mc.App INFO Added Employee Record in Binary Tree for: Sullivan
20230512 com.sparta.mc.App INFO Added Employee Record in Binary Tree for: Millet
20230512 com.sparta.mc.App INFO Added Employee Record in Binary Tree for: Mcinerney
20230512 com.sparta.mc.App WARNING Not Found in Binary Tree,  Employee: Bumgarner
20230512 com.sparta.mc.App WARNING Not Found in Binary Tree,  Employee: Rojo
