20230512 com.sparta.mc.App INFO Employee Records Retrieved: 20
20230512 com.sparta.mc.App WARNING Employee Records Contain Bad Record: Emp ID
20230512 com.sparta.mc.App INFO Added Employee Record in Binary Tree for: Bumgarner
20230512 com.sparta.mc.App INFO Added Employee Record in Binary Tree for: Rojo
20230512 com.sparta.mc.App INFO Added Employee Record in Binary Tree for: Krawczyk
20230512 com.sparta.mc.App INFO Added Employee Record in Binary Tree for: Jason
20230512 com.sparta.mc.App INFO Added Employee Record in Binary Tree for: Forest
20230512 com.sparta.mc.App INFO Added Employee Record in Binary Tree for: Wan
20230512 com.sparta.mc.App INFO Added Employee Record in Binary Tree for: Farrow
20230512 com.sparta.mc.App INFO Added Employee Record in Binary Tree for: Fernandez
20230512 com.sparta.mc.App INFO Added Employee Record in Binary Tree for: Jackman
20230512 com.sparta.mc.App INFO Added Employee Record in Binary Tree for: Paddock
20230512 com.sparta.mc.App INFO Added Employee Record in Binary Tree for: Manning
20230512 com.sparta.mc.App INFO Added Employee Record in Binary Tree for: Hafner
20230512 com.sparta.mc.App INFO Added Employee Record in Binary Tree for: Pearman
20230512 com.sparta.mc.App INFO Added Employee Record in Binary Tree for: Forman
20230512 com.sparta.mc.App INFO Added Employee Record in Binary Tree for: Osorio
20230512 com.sparta.mc.App INFO Added Employee Record in Binary Tree for: Simard
20230512 com.sparta.mc.App INFO Added Employee Record in Binary Tree for: Stoner
20230512 com.sparta.mc.App INFO Added Employee Record in Binary Tree for: Mattison
20230512 com.sparta.mc.App INFO Added Employee Record in Binary Tree for: Maeda
20230512 com.sparta.mc.App WARNING Not Found in Binary Tree,  Employee: Bumgarner1
20230512 com.sparta.mc.App WARNING Not Found in Binary Tree,  Employee: Rojo1
20230512 com.sparta.mc.App WARNING Not Found in Binary Tree,  Employee: Jason1
20230512 com.sparta.mc.App INFO Employee Records Retrieved: 20
20230512 com.sparta.mc.App WARNING Employee Records Contain Bad Record: Emp ID
20230512 com.sparta.mc.App INFO Added Employee Record in Binary Tree for: Bumgarner
20230512 com.sparta.mc.App INFO Added Employee Record in Binary Tree for: Rojo
20230512 com.sparta.mc.App INFO Added Employee Record in Binary Tree for: Krawczyk
20230512 com.sparta.mc.App INFO Added Employee Record in Binary Tree for: Jason
20230512 com.sparta.mc.App INFO Added Employee Record in Binary Tree for: Forest
20230512 com.sparta.mc.App INFO Added Employee Record in Binary Tree for: Wan
20230512 com.sparta.mc.App INFO Added Employee Record in Binary Tree for: Farrow
20230512 com.sparta.mc.App INFO Added Employee Record in Binary Tree for: Fernandez
20230512 com.sparta.mc.App INFO Added Employee Record in Binary Tree for: Jackman
20230512 com.sparta.mc.App INFO Added Employee Record in Binary Tree for: Paddock
20230512 com.sparta.mc.App INFO Added Employee Record in Binary Tree for: Manning
20230512 com.sparta.mc.App INFO Added Employee Record in Binary Tree for: Hafner
20230512 com.sparta.mc.App INFO Added Employee Record in Binary Tree for: Pearman
20230512 com.sparta.mc.App INFO Added Employee Record in Binary Tree for: Forman
20230512 com.sparta.mc.App INFO Added Employee Record in Binary Tree for: Osorio
20230512 com.sparta.mc.App INFO Added Employee Record in Binary Tree for: Simard
20230512 com.sparta.mc.App INFO Added Employee Record in Binary Tree for: Stoner
20230512 com.sparta.mc.App INFO Added Employee Record in Binary Tree for: Mattison
20230512 com.sparta.mc.App INFO Added Employee Record in Binary Tree for: Maeda
20230512 com.sparta.mc.App INFO Employee Records Retrieved: 20
20230512 com.sparta.mc.App WARNING Employee Records Contain Bad Record: Emp ID
20230512 com.sparta.mc.App INFO Added Employee Record in Binary Tree for: Bumgarner
20230512 com.sparta.mc.App INFO Added Employee Record in Binary Tree for: Rojo
20230512 com.sparta.mc.App INFO Added Employee Record in Binary Tree for: Krawczyk
20230512 com.sparta.mc.App INFO Added Employee Record in Binary Tree for: Jason
20230512 com.sparta.mc.App INFO Added Employee Record in Binary Tree for: Forest
20230512 com.sparta.mc.App INFO Added Employee Record in Binary Tree for: Wan
20230512 com.sparta.mc.App INFO Added Employee Record in Binary Tree for: Farrow
20230512 com.sparta.mc.App INFO Added Employee Record in Binary Tree for: Fernandez
20230512 com.sparta.mc.App INFO Added Employee Record in Binary Tree for: Jackman
20230512 com.sparta.mc.App INFO Added Employee Record in Binary Tree for: Paddock
20230512 com.sparta.mc.App INFO Added Employee Record in Binary Tree for: Manning
20230512 com.sparta.mc.App INFO Added Employee Record in Binary Tree for: Hafner
20230512 com.sparta.mc.App INFO Added Employee Record in Binary Tree for: Pearman
20230512 com.sparta.mc.App INFO Added Employee Record in Binary Tree for: Forman
20230512 com.sparta.mc.App INFO Added Employee Record in Binary Tree for: Osorio
20230512 com.sparta.mc.App INFO Added Employee Record in Binary Tree for: Simard
20230512 com.sparta.mc.App INFO Added Employee Record in Binary Tree for: Stoner
20230512 com.sparta.mc.App INFO Added Employee Record in Binary Tree for: Mattison
20230512 com.sparta.mc.App INFO Added Employee Record in Binary Tree for: Maeda
20230512 com.sparta.mc.App INFO Employee Records Retrieved: 20
20230512 com.sparta.mc.App WARNING Employee Records Contain Bad Record: Emp ID
20230512 com.sparta.mc.App INFO Added Employee Record in Binary Tree for: Bumgarner
20230512 com.sparta.mc.App INFO Added Employee Record in Binary Tree for: Rojo
20230512 com.sparta.mc.App INFO Added Employee Record in Binary Tree for: Krawczyk
20230512 com.sparta.mc.App INFO Added Employee Record in Binary Tree for: Jason
20230512 com.sparta.mc.App INFO Added Employee Record in Binary Tree for: Forest
20230512 com.sparta.mc.App INFO Added Employee Record in Binary Tree for: Wan
20230512 com.sparta.mc.App INFO Added Employee Record in Binary Tree for: Farrow
20230512 com.sparta.mc.App INFO Added Employee Record in Binary Tree for: Fernandez
20230512 com.sparta.mc.App INFO Added Employee Record in Binary Tree for: Jackman
20230512 com.sparta.mc.App INFO Added Employee Record in Binary Tree for: Paddock
20230512 com.sparta.mc.App INFO Added Employee Record in Binary Tree for: Manning
20230512 com.sparta.mc.App INFO Added Employee Record in Binary Tree for: Hafner
20230512 com.sparta.mc.App INFO Added Employee Record in Binary Tree for: Pearman
20230512 com.sparta.mc.App INFO Added Employee Record in Binary Tree for: Forman
20230512 com.sparta.mc.App INFO Added Employee Record in Binary Tree for: Osorio
20230512 com.sparta.mc.App INFO Added Employee Record in Binary Tree for: Simard
20230512 com.sparta.mc.App INFO Added Employee Record in Binary Tree for: Stoner
20230512 com.sparta.mc.App INFO Added Employee Record in Binary Tree for: Mattison
20230512 com.sparta.mc.App INFO Added Employee Record in Binary Tree for: Maeda
20230512 com.sparta.mc.App INFO Employee Records Retrieved: 20
20230512 com.sparta.mc.App WARNING Employee Records Contain Bad Record: Emp ID
20230512 com.sparta.mc.App INFO Added Employee Record in Binary Tree for: Bumgarner
20230512 com.sparta.mc.App INFO Added Employee Record in Binary Tree for: Rojo
20230512 com.sparta.mc.App INFO Added Employee Record in Binary Tree for: Krawczyk
20230512 com.sparta.mc.App INFO Added Employee Record in Binary Tree for: Jason
20230512 com.sparta.mc.App INFO Added Employee Record in Binary Tree for: Forest
20230512 com.sparta.mc.App INFO Added Employee Record in Binary Tree for: Wan
20230512 com.sparta.mc.App INFO Added Employee Record in Binary Tree for: Farrow
20230512 com.sparta.mc.App INFO Added Employee Record in Binary Tree for: Fernandez
20230512 com.sparta.mc.App INFO Added Employee Record in Binary Tree for: Jackman
20230512 com.sparta.mc.App INFO Added Employee Record in Binary Tree for: Paddock
20230512 com.sparta.mc.App INFO Added Employee Record in Binary Tree for: Manning
20230512 com.sparta.mc.App INFO Added Employee Record in Binary Tree for: Hafner
20230512 com.sparta.mc.App INFO Added Employee Record in Binary Tree for: Pearman
20230512 com.sparta.mc.App INFO Added Employee Record in Binary Tree for: Forman
20230512 com.sparta.mc.App INFO Added Employee Record in Binary Tree for: Osorio
20230512 com.sparta.mc.App INFO Added Employee Record in Binary Tree for: Simard
20230512 com.sparta.mc.App INFO Added Employee Record in Binary Tree for: Stoner
20230512 com.sparta.mc.App INFO Added Employee Record in Binary Tree for: Mattison
20230512 com.sparta.mc.App INFO Added Employee Record in Binary Tree for: Maeda
20230512 com.sparta.mc.App INFO Employee Records Retrieved: 20
20230512 com.sparta.mc.App INFO Added Employee Record in Binary Tree for: Rice
20230512 com.sparta.mc.App INFO Added Employee Record in Binary Tree for: Grover
20230512 com.sparta.mc.App INFO Added Employee Record in Binary Tree for: Crumley
20230512 com.sparta.mc.App INFO Added Employee Record in Binary Tree for: Tolbert
20230512 com.sparta.mc.App INFO Added Employee Record in Binary Tree for: Mease
20230512 com.sparta.mc.App INFO Added Employee Record in Binary Tree for: Avalos
20230512 com.sparta.mc.App INFO Added Employee Record in Binary Tree for: Corbin
20230512 com.sparta.mc.App INFO Added Employee Record in Binary Tree for: Cobos
20230512 com.sparta.mc.App INFO Added Employee Record in Binary Tree for: Graves
20230512 com.sparta.mc.App INFO Added Employee Record in Binary Tree for: Lafontaine
20230512 com.sparta.mc.App INFO Added Employee Record in Binary Tree for: Yen
20230512 com.sparta.mc.App INFO Added Employee Record in Binary Tree for: Hendrick
20230512 com.sparta.mc.App INFO Added Employee Record in Binary Tree for: Gaudet
20230512 com.sparta.mc.App INFO Added Employee Record in Binary Tree for: Harp
20230512 com.sparta.mc.App INFO Added Employee Record in Binary Tree for: Smith
20230512 com.sparta.mc.App INFO Added Employee Record in Binary Tree for: Guyton
20230512 com.sparta.mc.App INFO Added Employee Record in Binary Tree for: Dupont
20230512 com.sparta.mc.App INFO Added Employee Record in Binary Tree for: Washburn
20230512 com.sparta.mc.App INFO Added Employee Record in Binary Tree for: Toro
20230512 com.sparta.mc.App INFO Added Employee Record in Binary Tree for: Bazemore
20230512 com.sparta.mc.App WARNING Not Found in Binary Tree,  Employee: Bumgarner
20230512 com.sparta.mc.App WARNING Not Found in Binary Tree,  Employee: Rojo
20230512 com.sparta.mc.App WARNING Not Found in Binary Tree,  Employee: Jason
20230512 com.sparta.mc.App INFO Employee Records Retrieved: 20
20230512 com.sparta.mc.App INFO Added Employee Record in Binary Tree for: Waldrup
20230512 com.sparta.mc.App INFO Added Employee Record in Binary Tree for: Durante
20230512 com.sparta.mc.App INFO Added Employee Record in Binary Tree for: Tavares
20230512 com.sparta.mc.App INFO Added Employee Record in Binary Tree for: Ostrander
20230512 com.sparta.mc.App INFO Added Employee Record in Binary Tree for: Hopkins
20230512 com.sparta.mc.App INFO Added Employee Record in Binary Tree for: Turney
20230512 com.sparta.mc.App INFO Added Employee Record in Binary Tree for: Burney
20230512 com.sparta.mc.App INFO Added Employee Record in Binary Tree for: Vandiver
20230512 com.sparta.mc.App INFO Added Employee Record in Binary Tree for: Kish
20230512 com.sparta.mc.App INFO Added Employee Record in Binary Tree for: Heron
20230512 com.sparta.mc.App INFO Added Employee Record in Binary Tree for: Merkle
20230512 com.sparta.mc.App INFO Added Employee Record in Binary Tree for: Amaya
20230512 com.sparta.mc.App INFO Added Employee Record in Binary Tree for: Stewart
20230512 com.sparta.mc.App INFO Added Employee Record in Binary Tree for: Clem
20230512 com.sparta.mc.App INFO Added Employee Record in Binary Tree for: Schmitz
20230512 com.sparta.mc.App INFO Added Employee Record in Binary Tree for: Thompson
20230512 com.sparta.mc.App INFO Added Employee Record in Binary Tree for: Wyckoff
20230512 com.sparta.mc.App INFO Added Employee Record in Binary Tree for: Herold
20230512 com.sparta.mc.App INFO Added Employee Record in Binary Tree for: Fitts
20230512 com.sparta.mc.App INFO Added Employee Record in Binary Tree for: Montanez
20230512 com.sparta.mc.App WARNING Not Found in Binary Tree,  Employee: Bumgarner
20230512 com.sparta.mc.App WARNING Not Found in Binary Tree,  Employee: Rojo
20230512 com.sparta.mc.App WARNING Not Found in Binary Tree,  Employee: Jason
20230512 com.sparta.mc.App INFO Employee Records Retrieved: 20
20230512 com.sparta.mc.App INFO Added Employee Record in Binary Tree for: Dao
20230512 com.sparta.mc.App INFO Added Employee Record in Binary Tree for: Glasser
20230512 com.sparta.mc.App INFO Added Employee Record in Binary Tree for: Warner
20230512 com.sparta.mc.App INFO Added Employee Record in Binary Tree for: Perreault
20230512 com.sparta.mc.App INFO Added Employee Record in Binary Tree for: Tillery
20230512 com.sparta.mc.App INFO Added Employee Record in Binary Tree for: Bravo
20230512 com.sparta.mc.App INFO Added Employee Record in Binary Tree for: Crafton
20230512 com.sparta.mc.App INFO Added Employee Record in Binary Tree for: Chin
20230512 com.sparta.mc.App INFO Added Employee Record in Binary Tree for: Boyett
20230512 com.sparta.mc.App INFO Added Employee Record in Binary Tree for: Barnette
20230512 com.sparta.mc.App INFO Added Employee Record in Binary Tree for: Keeton
20230512 com.sparta.mc.App INFO Added Employee Record in Binary Tree for: Messinger
20230512 com.sparta.mc.App INFO Added Employee Record in Binary Tree for: Sipe
20230512 com.sparta.mc.App INFO Added Employee Record in Binary Tree for: Ball
20230512 com.sparta.mc.App INFO Added Employee Record in Binary Tree for: Denham
20230512 com.sparta.mc.App INFO Added Employee Record in Binary Tree for: Driggers
20230512 com.sparta.mc.App INFO Added Employee Record in Binary Tree for: Unknow
20230512 com.sparta.mc.App INFO Added Employee Record in Binary Tree for: Kim
20230512 com.sparta.mc.App INFO Added Employee Record in Binary Tree for: Aldrich
20230512 com.sparta.mc.App INFO Added Employee Record in Binary Tree for: Peralta
20230512 com.sparta.mc.App WARNING Not Found in Binary Tree,  Employee: Bumgarner
20230512 com.sparta.mc.App WARNING Not Found in Binary Tree,  Employee: Rojo
20230512 com.sparta.mc.App WARNING Not Found in Binary Tree,  Employee: Jason
20230512 com.sparta.mc.App INFO Employee Records Retrieved: 20
20230512 com.sparta.mc.App WARNING Employee Records Contain Bad Record: Emp ID
20230512 com.sparta.mc.App INFO Added Employee Record in Binary Tree for: Bumgarner
20230512 com.sparta.mc.App INFO Added Employee Record in Binary Tree for: Rojo
20230512 com.sparta.mc.App INFO Added Employee Record in Binary Tree for: Krawczyk
20230512 com.sparta.mc.App INFO Added Employee Record in Binary Tree for: Jason
20230512 com.sparta.mc.App INFO Added Employee Record in Binary Tree for: Forest
20230512 com.sparta.mc.App INFO Added Employee Record in Binary Tree for: Wan
20230512 com.sparta.mc.App INFO Added Employee Record in Binary Tree for: Farrow
20230512 com.sparta.mc.App INFO Added Employee Record in Binary Tree for: Fernandez
20230512 com.sparta.mc.App INFO Added Employee Record in Binary Tree for: Jackman
20230512 com.sparta.mc.App INFO Added Employee Record in Binary Tree for: Paddock
20230512 com.sparta.mc.App INFO Added Employee Record in Binary Tree for: Manning
20230512 com.sparta.mc.App INFO Added Employee Record in Binary Tree for: Hafner
20230512 com.sparta.mc.App INFO Added Employee Record in Binary Tree for: Pearman
20230512 com.sparta.mc.App INFO Added Employee Record in Binary Tree for: Forman
20230512 com.sparta.mc.App INFO Added Employee Record in Binary Tree for: Osorio
20230512 com.sparta.mc.App INFO Added Employee Record in Binary Tree for: Simard
20230512 com.sparta.mc.App INFO Added Employee Record in Binary Tree for: Stoner
20230512 com.sparta.mc.App INFO Added Employee Record in Binary Tree for: Mattison
20230512 com.sparta.mc.App INFO Added Employee Record in Binary Tree for: Maeda
